This is pdfTeX, Version 3.1415926-2.4-1.40.13 (TeX Live 2012/Arch Linux) (format=pdflatex 2012.8.19)  13 SEP 2012 22:11
entering extended mode
 restricted \write18 enabled.
 %&-line parsing enabled.
**\def\BOARD{{"o","a","f","s","p","r","i","m","s","e","t","n","o","e","s","v"}}
\def\PRODUCEDOCUMENT{\def\drawarrows{\drawinitialcell{7.5}{2.5}\drawnegone{5.0}
{2.5}\drawfive{5.0}{0.0}\drawthree{5.0}{-5.0}\drawnegfour{2.5}{-5.0}\drawnegone
{0.0}{-2.5}\drawnegfour{-2.5}{0.0}\drawthree{-5.0}{0.0}\drawfinalcell{-7.5}{-2.
5}}\PRODUCEPAGE\def\drawarrows{\drawinitialcell{7.5}{2.5}\drawnegone{5.0}{2.5}\
drawfive{5.0}{0.0}\drawthree{5.0}{-5.0}\drawnegfour{2.5}{-5.0}\drawnegone{0.0}{
-2.5}\drawnegfour{-2.5}{0.0}\drawfinalcell{-2.5}{2.5}}\PRODUCEPAGE\def\drawarro
ws{\drawinitialcell{7.5}{2.5}\drawnegone{5.0}{2.5}\drawfour{2.5}{0.0}\drawnegfi
ve{0.0}{0.0}\drawfour{-2.5}{0.0}\drawfive{0.0}{-5.0}\drawfinalcell{2.5}{-7.5}}\
PRODUCEPAGE\def\drawarrows{\drawinitialcell{7.5}{7.5}\drawfour{7.5}{5.0}\drawne
gone{5.0}{2.5}\drawfour{2.5}{0.0}\drawnegone{0.0}{-2.5}\drawfive{0.0}{-5.0}\dra
wfinalcell{2.5}{-7.5}}\PRODUCEPAGE\def\drawarrows{\drawinitialcell{7.5}{2.5}\dr
awnegone{5.0}{2.5}\drawfive{5.0}{0.0}\drawnegone{5.0}{-2.5}\drawfour{2.5}{-5.0}
\drawfinalcell{2.5}{-7.5}}\PRODUCEPAGE\def\drawarrows{\drawinitialcell{7.5}{2.5
}\drawnegone{5.0}{2.5}\drawfour{2.5}{0.0}\drawnegone{0.0}{-2.5}\drawfive{0.0}{-
5.0}\drawfinalcell{2.5}{-7.5}}\PRODUCEPAGE\def\drawarrows{\drawinitialcell{-2.5
}{2.5}\drawfour{-2.5}{0.0}\drawnegfive{-5.0}{0.0}\drawnegthree{-5.0}{5.0}\drawf
ive{0.0}{5.0}\drawfive{5.0}{0.0}\drawnegone{5.0}{-2.5}\drawfour{2.5}{-5.0}\draw
finalcell{2.5}{-7.5}}\PRODUCEPAGE\def\drawarrows{\drawinitialcell{-7.5}{2.5}\dr
awnegthree{-5.0}{5.0}\drawfour{-2.5}{5.0}\drawone{0.0}{2.5}\drawthree{0.0}{0.0}
\drawone{0.0}{-2.5}\drawthree{0.0}{-5.0}\drawone{0.0}{-7.5}\drawfinalcell{2.5}{
-7.5}}\PRODUCEPAGE\def\drawarrows{\drawinitialcell{2.5}{-2.5}\drawnegfive{0.0}{
0.0}\drawnegfour{-2.5}{5.0}\drawthree{-5.0}{5.0}\drawfive{-5.0}{0.0}\drawnegone
{-5.0}{-2.5}\drawfive{-5.0}{-5.0}\drawone{0.0}{-7.5}\drawfinalcell{2.5}{-7.5}}\
PRODUCEPAGE\def\drawarrows{\drawinitialcell{7.5}{2.5}\drawnegone{5.0}{2.5}\draw
negone{0.0}{2.5}\drawfour{-2.5}{0.0}\drawfive{0.0}{-5.0}\drawfinalcell{2.5}{-7.
5}}\PRODUCEPAGE\def\drawarrows{\drawinitialcell{2.5}{-7.5}\drawnegfive{0.0}{-5.
0}\drawnegthree{0.0}{0.0}\drawnegthree{5.0}{5.0}\drawfour{7.5}{5.0}\drawfinalce
ll{7.5}{2.5}}\PRODUCEPAGE\def\drawarrows{\drawinitialcell{2.5}{2.5}\drawfive{5.
0}{0.0}\drawthree{5.0}{-5.0}\drawnegfour{2.5}{-5.0}\drawnegone{0.0}{-2.5}\drawn
egfive{-5.0}{0.0}\drawfour{-7.5}{0.0}\drawfinalcell{-7.5}{-2.5}}\PRODUCEPAGE\de
f\drawarrows{\drawinitialcell{-7.5}{-2.5}\drawnegfour{-7.5}{0.0}\drawone{-5.0}{
2.5}\drawone{0.0}{2.5}\drawfive{5.0}{0.0}\drawnegone{5.0}{-2.5}\drawfour{2.5}{-
5.0}\drawfinalcell{2.5}{-7.5}}\PRODUCEPAGE\def\drawarrows{\drawinitialcell{-2.5
}{7.5}\drawone{0.0}{7.5}\drawthree{0.0}{5.0}\drawfour{-2.5}{0.0}\drawfour{-2.5}
{-5.0}\drawnegthree{0.0}{-5.0}\drawfour{2.5}{-5.0}\drawfinalcell{2.5}{-7.5}}\PR
ODUCEPAGE\def\drawarrows{\drawinitialcell{-2.5}{-2.5}\drawnegone{-5.0}{-2.5}\dr
awnegfour{-7.5}{0.0}\drawone{-5.0}{2.5}\drawone{0.0}{2.5}\drawfour{2.5}{0.0}\dr
awfour{2.5}{-5.0}\drawfinalcell{2.5}{-7.5}}\PRODUCEPAGE\def\drawarrows{\drawini
tialcell{2.5}{7.5}\drawnegone{0.0}{7.5}\drawfive{0.0}{5.0}\drawnegone{0.0}{2.5}
\drawfour{-2.5}{0.0}\drawfive{0.0}{-5.0}\drawnegfour{2.5}{-5.0}\drawfinalcell{2
.5}{-2.5}}\PRODUCEPAGE\def\drawarrows{\drawinitialcell{-7.5}{2.5}\drawnegthree{
-5.0}{5.0}\drawfour{-2.5}{5.0}\drawfive{0.0}{0.0}\drawnegfour{2.5}{0.0}\drawthr
ee{0.0}{0.0}\drawfive{0.0}{-5.0}\drawfinalcell{2.5}{-7.5}}\PRODUCEPAGE\def\draw
arrows{\drawinitialcell{-7.5}{2.5}\drawone{-5.0}{2.5}\drawfour{-2.5}{0.0}\drawn
egone{-5.0}{-2.5}\drawfive{-5.0}{-5.0}\drawnegthree{0.0}{-5.0}\drawfour{2.5}{-5
.0}\drawfinalcell{2.5}{-7.5}}\PRODUCEPAGE\def\drawarrows{\drawinitialcell{-7.5}
{-2.5}\drawnegfour{-7.5}{0.0}\drawnegthree{-5.0}{5.0}\drawfour{-2.5}{5.0}\drawf
our{-2.5}{0.0}\drawfive{0.0}{-5.0}\drawnegfour{2.5}{-5.0}\drawfinalcell{2.5}{-2
.5}}\PRODUCEPAGE\def\drawarrows{\drawinitialcell{-7.5}{-2.5}\drawnegfour{-7.5}{
0.0}\drawone{-5.0}{2.5}\drawone{0.0}{2.5}\drawthree{0.0}{0.0}\drawfive{0.0}{-5.
0}\drawnegfour{2.5}{-5.0}\drawfinalcell{2.5}{-2.5}}\PRODUCEPAGE\def\drawarrows{
\drawinitialcell{-7.5}{-2.5}\drawnegfour{-7.5}{0.0}\drawone{-5.0}{2.5}\drawone{
0.0}{2.5}\drawfour{2.5}{0.0}\drawnegone{0.0}{-2.5}\drawfive{0.0}{-5.0}\drawfina
lcell{2.5}{-7.5}}\PRODUCEPAGE\def\drawarrows{\drawinitialcell{2.5}{-7.5}\drawne
gfour{2.5}{-5.0}\drawnegfour{2.5}{0.0}\drawnegone{0.0}{2.5}\drawnegone{-5.0}{2.
5}\drawfive{-5.0}{0.0}\drawnegone{-5.0}{-2.5}\drawfinalcell{-7.5}{-2.5}}\PRODUC
EPAGE\def\drawarrows{\drawinitialcell{-7.5}{-2.5}\drawnegfour{-7.5}{0.0}\drawon
e{-5.0}{2.5}\drawnegfour{-2.5}{5.0}\drawfive{0.0}{5.0}\drawfive{5.0}{0.0}\drawt
hree{5.0}{-5.0}\drawfinalcell{2.5}{-7.5}}\PRODUCEPAGE\def\drawarrows{\drawiniti
alcell{2.5}{7.5}\drawnegone{0.0}{7.5}\drawfive{0.0}{5.0}\drawfive{5.0}{0.0}\dra
wnegone{5.0}{-2.5}\drawfour{2.5}{-5.0}\drawfinalcell{2.5}{-7.5}}\PRODUCEPAGE\de
f\drawarrows{\drawinitialcell{2.5}{2.5}\drawfive{5.0}{0.0}\drawthree{5.0}{-5.0}
\drawnegfour{2.5}{-5.0}\drawnegone{0.0}{-2.5}\drawnegfive{-5.0}{0.0}\drawfinalc
ell{-7.5}{2.5}}\PRODUCEPAGE\def\drawarrows{\drawinitialcell{-7.5}{2.5}\drawnegt
hree{-5.0}{5.0}\drawfive{0.0}{5.0}\drawfive{5.0}{0.0}\drawnegone{5.0}{-2.5}\dra
wfour{2.5}{-5.0}\drawfinalcell{2.5}{-7.5}}\PRODUCEPAGE\def\drawarrows{\drawinit
ialcell{-7.5}{2.5}\drawone{-5.0}{2.5}\drawone{0.0}{2.5}\drawfive{5.0}{0.0}\draw
negone{5.0}{-2.5}\drawfour{2.5}{-5.0}\drawfinalcell{2.5}{-7.5}}\PRODUCEPAGE\def
\drawarrows{\drawinitialcell{-7.5}{-7.5}\drawnegthree{-5.0}{-5.0}\drawfive{0.0}
{-5.0}\drawnegfour{2.5}{-5.0}\drawnegfive{0.0}{0.0}\drawone{0.0}{2.5}\drawfive{
5.0}{0.0}\drawfinalcell{7.5}{-2.5}}\PRODUCEPAGE\def\drawarrows{\drawinitialcell
{-7.5}{2.5}\drawnegthree{-5.0}{5.0}\drawfour{-2.5}{5.0}\drawfour{-2.5}{0.0}\dra
wnegone{-5.0}{-2.5}\drawfive{-5.0}{-5.0}\drawone{0.0}{-7.5}\drawfinalcell{2.5}{
-7.5}}\PRODUCEPAGE\def\drawarrows{\drawinitialcell{-2.5}{7.5}\drawone{0.0}{7.5}
\drawthree{0.0}{5.0}\drawone{0.0}{2.5}\drawfour{2.5}{0.0}\drawfour{2.5}{-5.0}\d
rawfinalcell{2.5}{-7.5}}\PRODUCEPAGE\def\drawarrows{\drawinitialcell{2.5}{7.5}\
drawthree{0.0}{5.0}\drawfour{-2.5}{0.0}\drawfour{-2.5}{-5.0}\drawone{0.0}{-7.5}
\drawnegfour{2.5}{-5.0}\drawfinalcell{2.5}{-2.5}}\PRODUCEPAGE\def\drawarrows{\d
rawinitialcell{-7.5}{2.5}\drawone{-5.0}{2.5}\drawfour{-2.5}{0.0}\drawfive{0.0}{
-5.0}\drawnegone{0.0}{-7.5}\drawnegthree{0.0}{-5.0}\drawfinalcell{2.5}{-2.5}}\P
RODUCEPAGE\def\drawarrows{\drawinitialcell{-7.5}{2.5}\drawone{-5.0}{2.5}\drawon
e{0.0}{2.5}\drawthree{0.0}{0.0}\drawfive{0.0}{-5.0}\drawnegfour{2.5}{-5.0}\draw
finalcell{2.5}{-2.5}}\PRODUCEPAGE\def\drawarrows{\drawinitialcell{-7.5}{-2.5}\d
rawnegfour{-7.5}{0.0}\drawnegthree{-5.0}{5.0}\drawfive{0.0}{5.0}\drawfour{2.5}{
0.0}\drawfour{2.5}{-5.0}\drawfinalcell{2.5}{-7.5}}\PRODUCEPAGE\def\drawarrows{\
drawinitialcell{-7.5}{-2.5}\drawnegfour{-7.5}{0.0}\drawnegfour{-7.5}{5.0}\drawf
ive{-5.0}{5.0}\drawfive{0.0}{0.0}\drawfour{2.5}{-5.0}\drawfinalcell{2.5}{-7.5}}
\PRODUCEPAGE\def\drawarrows{\drawinitialcell{-7.5}{-2.5}\drawnegfour{-7.5}{0.0}
\drawone{-5.0}{2.5}\drawone{0.0}{2.5}\drawfour{2.5}{0.0}\drawfour{2.5}{-5.0}\dr
awfinalcell{2.5}{-7.5}}\PRODUCEPAGE\def\drawarrows{\drawinitialcell{2.5}{-7.5}\
drawnegfour{2.5}{-5.0}\drawthree{0.0}{-5.0}\drawnegfour{-2.5}{-5.0}\drawnegfive
{-5.0}{0.0}\drawfour{-7.5}{0.0}\drawfinalcell{-7.5}{-2.5}}\PRODUCEPAGE\def\draw
arrows{\drawinitialcell{2.5}{-7.5}\drawnegfour{2.5}{-5.0}\drawnegfour{2.5}{0.0}
\drawnegone{0.0}{2.5}\drawnegone{-5.0}{2.5}\drawfour{-7.5}{0.0}\drawfinalcell{-
7.5}{-2.5}}\PRODUCEPAGE\def\drawarrows{\drawinitialcell{2.5}{-7.5}\drawnegfour{
2.5}{-5.0}\drawnegfive{0.0}{0.0}\drawnegfour{-2.5}{5.0}\drawthree{-5.0}{5.0}\dr
awfour{-7.5}{0.0}\drawfinalcell{-7.5}{-2.5}}\PRODUCEPAGE\def\drawarrows{\drawin
itialcell{2.5}{-7.5}\drawnegfour{2.5}{-5.0}\drawnegfive{0.0}{0.0}\drawfour{-2.5
}{0.0}\drawnegfive{-5.0}{0.0}\drawfour{-7.5}{0.0}\drawfinalcell{-7.5}{-2.5}}\PR
ODUCEPAGE\def\drawarrows{\drawinitialcell{2.5}{-7.5}\drawnegfour{2.5}{-5.0}\dra
wnegfive{0.0}{0.0}\drawnegfive{-5.0}{5.0}\drawfour{-7.5}{5.0}\drawfour{-7.5}{0.
0}\drawfinalcell{-7.5}{-2.5}}\PRODUCEPAGE\def\drawarrows{\drawinitialcell{2.5}{
-2.5}\drawnegfive{0.0}{0.0}\drawnegfour{-2.5}{5.0}\drawthree{-5.0}{5.0}\drawfiv
e{-5.0}{0.0}\drawfive{0.0}{-5.0}\drawfinalcell{2.5}{-7.5}}\PRODUCEPAGE\def\draw
arrows{\drawinitialcell{2.5}{-2.5}\drawnegfive{0.0}{0.0}\drawnegfive{-5.0}{5.0}
\drawfour{-7.5}{5.0}\drawfive{-5.0}{0.0}\drawfive{0.0}{-5.0}\drawfinalcell{2.5}
{-7.5}}\PRODUCEPAGE\def\drawarrows{\drawinitialcell{-2.5}{-2.5}\drawfive{0.0}{-
5.0}\drawnegfour{2.5}{-5.0}\drawnegfive{0.0}{0.0}\drawone{0.0}{2.5}\drawfive{5.
0}{0.0}\drawfinalcell{7.5}{-2.5}}\PRODUCEPAGE\def\drawarrows{\drawinitialcell{2
.5}{7.5}\drawnegone{0.0}{7.5}\drawfour{-2.5}{5.0}\drawfive{0.0}{0.0}\drawfour{2
.5}{-5.0}\drawfinalcell{2.5}{-7.5}}\PRODUCEPAGE\def\drawarrows{\drawinitialcell
{2.5}{7.5}\drawthree{0.0}{5.0}\drawfour{-2.5}{0.0}\drawone{0.0}{-2.5}\drawfour{
2.5}{-5.0}\drawfinalcell{2.5}{-7.5}}\PRODUCEPAGE\def\drawarrows{\drawinitialcel
l{2.5}{7.5}\drawthree{0.0}{5.0}\drawone{0.0}{2.5}\drawfour{2.5}{0.0}\drawfour{2
.5}{-5.0}\drawfinalcell{2.5}{-7.5}}\PRODUCEPAGE\def\drawarrows{\drawinitialcell
{2.5}{2.5}\drawfive{5.0}{0.0}\drawthree{5.0}{-5.0}\drawnegfive{0.0}{-5.0}\drawn
egfour{-2.5}{0.0}\drawfive{0.0}{0.0}\drawfinalcell{2.5}{-2.5}}\PRODUCEPAGE\def\
drawarrows{\drawinitialcell{7.5}{-2.5}\drawnegfive{5.0}{0.0}\drawfour{2.5}{0.0}
\drawnegfive{0.0}{0.0}\drawfour{-2.5}{0.0}\drawfive{0.0}{-5.0}\drawfinalcell{2.
5}{-7.5}}\PRODUCEPAGE\def\drawarrows{\drawinitialcell{-7.5}{2.5}\drawnegthree{-
5.0}{5.0}\drawfour{-2.5}{5.0}\drawone{0.0}{2.5}\drawthree{0.0}{0.0}\drawfive{0.
0}{-5.0}\drawfinalcell{2.5}{-7.5}}\PRODUCEPAGE\def\drawarrows{\drawinitialcell{
-7.5}{2.5}\drawnegthree{-5.0}{5.0}\drawfour{-2.5}{5.0}\drawthree{-5.0}{0.0}\dra
wone{-5.0}{-2.5}\drawfive{0.0}{-5.0}\drawfinalcell{2.5}{-7.5}}\PRODUCEPAGE\def\
drawarrows{\drawinitialcell{-7.5}{2.5}\drawnegthree{-5.0}{5.0}\drawfour{-2.5}{5
.0}\drawfive{0.0}{0.0}\drawfour{2.5}{-5.0}\drawfinalcell{2.5}{-7.5}}\PRODUCEPAG
E\def\drawarrows{\drawinitialcell{-7.5}{2.5}\drawfive{-5.0}{0.0}\drawnegfour{-2
.5}{0.0}\drawthree{-5.0}{0.0}\drawfive{-5.0}{-5.0}\drawone{0.0}{-7.5}\drawfinal
cell{2.5}{-7.5}}\PRODUCEPAGE\def\drawarrows{\drawinitialcell{-7.5}{2.5}\drawneg
four{-7.5}{5.0}\drawfive{-5.0}{5.0}\drawfive{0.0}{0.0}\drawfour{2.5}{-5.0}\draw
finalcell{2.5}{-7.5}}\PRODUCEPAGE\def\drawarrows{\drawinitialcell{-7.5}{2.5}\dr
awone{-5.0}{2.5}\drawfour{-2.5}{0.0}\drawfive{0.0}{-5.0}\drawnegfour{2.5}{-5.0}
\drawfinalcell{2.5}{-2.5}}\PRODUCEPAGE\def\drawarrows{\drawinitialcell{2.5}{-7.
5}\drawnegfive{0.0}{-5.0}\drawnegfour{-2.5}{0.0}\drawone{0.0}{2.5}\drawnegfour{
2.5}{5.0}\drawone{5.0}{7.5}\drawfinalcell{7.5}{7.5}}\PRODUCEPAGE\def\drawarrows
{\drawinitialcell{-7.5}{-2.5}\drawnegfour{-7.5}{0.0}\drawnegthree{-5.0}{5.0}\dr
awfour{-2.5}{5.0}\drawfour{-2.5}{0.0}\drawfive{0.0}{-5.0}\drawfinalcell{2.5}{-7
.5}}\PRODUCEPAGE\def\drawarrows{\drawinitialcell{-7.5}{-2.5}\drawnegfour{-7.5}{
0.0}\drawnegfour{-7.5}{5.0}\drawfive{-5.0}{5.0}\drawfour{-2.5}{0.0}\drawfive{0.
0}{-5.0}\drawfinalcell{2.5}{-7.5}}\PRODUCEPAGE\def\drawarrows{\drawinitialcell{
-7.5}{-2.5}\drawnegfour{-7.5}{0.0}\drawone{-5.0}{2.5}\drawfour{-2.5}{0.0}\drawf
our{-2.5}{-5.0}\drawone{0.0}{-7.5}\drawfinalcell{2.5}{-7.5}}\PRODUCEPAGE\def\dr
awarrows{\drawinitialcell{2.5}{-7.5}\drawnegfour{2.5}{-5.0}\drawthree{0.0}{-5.0
}\drawnegfour{-2.5}{-5.0}\drawnegfive{-5.0}{0.0}\drawfinalcell{-7.5}{2.5}}\PROD
UCEPAGE\def\drawarrows{\drawinitialcell{2.5}{-7.5}\drawnegfour{2.5}{-5.0}\drawn
egone{0.0}{-2.5}\drawnegfive{-5.0}{0.0}\drawfour{-7.5}{0.0}\drawfinalcell{-7.5}
{-2.5}}\PRODUCEPAGE\def\drawarrows{\drawinitialcell{2.5}{-7.5}\drawnegfour{2.5}
{-5.0}\drawnegfour{2.5}{0.0}\drawnegone{0.0}{2.5}\drawnegone{-5.0}{2.5}\drawfin
alcell{-7.5}{2.5}}\PRODUCEPAGE\def\drawarrows{\drawinitialcell{2.5}{-7.5}\drawn
egfour{2.5}{-5.0}\drawnegfive{0.0}{0.0}\drawnegfour{-2.5}{5.0}\drawfive{0.0}{5.
0}\drawfive{5.0}{0.0}\drawfinalcell{7.5}{-2.5}}\PRODUCEPAGE\def\drawarrows{\dra
winitialcell{2.5}{-7.5}\drawnegfour{2.5}{-5.0}\drawnegfive{0.0}{0.0}\drawnegfou
r{-2.5}{5.0}\drawthree{-5.0}{5.0}\drawfinalcell{-7.5}{2.5}}\PRODUCEPAGE\def\dra
warrows{\drawinitialcell{2.5}{-7.5}\drawnegfour{2.5}{-5.0}\drawnegfive{0.0}{0.0
}\drawfour{-2.5}{0.0}\drawnegfive{-5.0}{0.0}\drawfinalcell{-7.5}{2.5}}\PRODUCEP
AGE\def\drawarrows{\drawinitialcell{2.5}{-7.5}\drawnegfour{2.5}{-5.0}\drawnegfi
ve{0.0}{0.0}\drawnegfive{-5.0}{5.0}\drawfour{-7.5}{5.0}\drawfinalcell{-7.5}{2.5
}}\PRODUCEPAGE\def\drawarrows{\drawinitialcell{2.5}{-2.5}\drawnegfive{0.0}{0.0}
\drawnegfour{-2.5}{5.0}\drawfive{0.0}{5.0}\drawfive{5.0}{0.0}\drawthree{5.0}{-5
.0}\drawfinalcell{2.5}{-7.5}}\PRODUCEPAGE\def\drawarrows{\drawinitialcell{7.5}{
2.5}\drawnegone{5.0}{2.5}\drawfive{5.0}{0.0}\drawnegone{5.0}{-2.5}\drawnegone{0
.0}{-2.5}\drawnegfour{-2.5}{0.0}\drawthree{-5.0}{0.0}\drawfinalcell{-7.5}{-2.5}
}\PRODUCEPAGE\def\drawarrows{\drawinitialcell{-2.5}{7.5}\drawfive{0.0}{5.0}\dra
wnegone{0.0}{2.5}\drawfour{-2.5}{0.0}\drawfive{0.0}{-5.0}\drawnegfour{2.5}{-5.0
}\drawfinalcell{2.5}{-2.5}}\PRODUCEPAGE\def\drawarrows{\drawinitialcell{-2.5}{7
.5}\drawfour{-2.5}{5.0}\drawfour{-2.5}{0.0}\drawone{0.0}{-2.5}\drawthree{0.0}{-
5.0}\drawone{0.0}{-7.5}\drawfinalcell{2.5}{-7.5}}\PRODUCEPAGE\def\drawarrows{\d
rawinitialcell{-2.5}{-7.5}\drawone{0.0}{-7.5}\drawnegfour{2.5}{-5.0}\drawnegone
{0.0}{-2.5}\drawnegfour{-2.5}{0.0}\drawthree{-5.0}{0.0}\drawfinalcell{-7.5}{-2.
5}}\PRODUCEPAGE\def\drawarrows{\drawinitialcell{-7.5}{2.5}\drawnegthree{-5.0}{5
.0}\drawfive{0.0}{5.0}\drawfive{5.0}{0.0}\drawthree{5.0}{-5.0}\drawfinalcell{2.
5}{-7.5}}\PRODUCEPAGE\def\drawarrows{\drawinitialcell{-7.5}{2.5}\drawfive{-5.0}
{0.0}\drawnegthree{0.0}{0.0}\drawfive{5.0}{0.0}\drawthree{5.0}{-5.0}\drawfinalc
ell{2.5}{-7.5}}\PRODUCEPAGE\def\drawarrows{\drawinitialcell{-2.5}{2.5}\drawfour
{-2.5}{0.0}\drawnegone{-5.0}{-2.5}\drawfive{-5.0}{-5.0}\drawnegthree{0.0}{-5.0}
\drawfour{2.5}{-5.0}\drawfinalcell{2.5}{-7.5}}\PRODUCEPAGE\def\drawarrows{\draw
initialcell{7.5}{7.5}\drawfour{7.5}{5.0}\drawnegone{5.0}{2.5}\drawfour{2.5}{0.0
}\drawnegone{0.0}{-2.5}\drawnegfour{-2.5}{0.0}\drawthree{-5.0}{0.0}\drawfinalce
ll{-7.5}{-2.5}}\PRODUCEPAGE\def\drawarrows{\drawinitialcell{2.5}{-7.5}\drawnegf
our{2.5}{-5.0}\drawthree{0.0}{-5.0}\drawnegfour{-2.5}{-5.0}\drawnegfour{-2.5}{0
.0}\drawthree{-5.0}{0.0}\drawfinalcell{-7.5}{-2.5}}\PRODUCEPAGE\def\drawarrows{
\drawinitialcell{2.5}{7.5}\drawnegone{0.0}{7.5}\drawfive{0.0}{5.0}\drawfive{5.0
}{0.0}\drawnegone{5.0}{-2.5}\drawnegone{0.0}{-2.5}\drawnegfour{-2.5}{0.0}\drawt
hree{-5.0}{0.0}\drawfinalcell{-7.5}{-2.5}}\PRODUCEPAGE\def\drawarrows{\drawinit
ialcell{-7.5}{2.5}\drawnegthree{-5.0}{5.0}\drawfive{0.0}{5.0}\drawfive{5.0}{0.0
}\drawnegone{5.0}{-2.5}\drawnegone{0.0}{-2.5}\drawnegfour{-2.5}{0.0}\drawthree{
-5.0}{0.0}\drawfinalcell{-7.5}{-2.5}}\PRODUCEPAGE\def\drawarrows{\drawinitialce
ll{-2.5}{7.5}\drawthree{-5.0}{5.0}\drawone{-5.0}{2.5}\drawfour{-2.5}{0.0}\drawf
ive{0.0}{-5.0}\drawfinalcell{2.5}{-7.5}}\PRODUCEPAGE\def\drawarrows{\drawinitia
lcell{-2.5}{7.5}\drawthree{-5.0}{5.0}\drawfour{-7.5}{0.0}\drawone{-5.0}{-2.5}\d
rawfive{0.0}{-5.0}\drawfinalcell{2.5}{-7.5}}\PRODUCEPAGE\def\drawarrows{\drawin
itialcell{2.5}{7.5}\drawnegone{0.0}{7.5}\drawfour{-2.5}{5.0}\drawfour{-2.5}{0.0
}\drawfive{0.0}{-5.0}\drawfinalcell{2.5}{-7.5}}\PRODUCEPAGE\def\drawarrows{\dra
winitialcell{2.5}{7.5}\drawfour{2.5}{5.0}\drawnegone{0.0}{2.5}\drawfour{-2.5}{0
.0}\drawfive{0.0}{-5.0}\drawfinalcell{2.5}{-7.5}}\PRODUCEPAGE\def\drawarrows{\d
rawinitialcell{2.5}{7.5}\drawfour{2.5}{5.0}\drawfour{2.5}{0.0}\drawfour{2.5}{-5
.0}\drawfinalcell{2.5}{-7.5}}\PRODUCEPAGE\def\drawarrows{\drawinitialcell{2.5}{
7.5}\drawthree{0.0}{5.0}\drawfour{-2.5}{0.0}\drawfour{-2.5}{-5.0}\drawone{0.0}{
-7.5}\drawfinalcell{2.5}{-7.5}}\PRODUCEPAGE\def\drawarrows{\drawinitialcell{2.5
}{7.5}\drawthree{0.0}{5.0}\drawone{0.0}{2.5}\drawthree{0.0}{0.0}\drawfive{0.0}{
-5.0}\drawfinalcell{2.5}{-7.5}}\PRODUCEPAGE\def\drawarrows{\drawinitialcell{2.5
}{2.5}\drawfive{5.0}{0.0}\drawthree{5.0}{-5.0}\drawnegfive{0.0}{-5.0}\drawone{0
.0}{-2.5}\drawfinalcell{2.5}{-2.5}}\PRODUCEPAGE\def\drawarrows{\drawinitialcell
{7.5}{-2.5}\drawnegfive{5.0}{0.0}\drawfour{2.5}{0.0}\drawnegone{0.0}{-2.5}\draw
five{0.0}{-5.0}\drawfinalcell{2.5}{-7.5}}\PRODUCEPAGE\def\drawarrows{\drawiniti
alcell{-7.5}{2.5}\drawnegthree{-5.0}{5.0}\drawfour{-2.5}{5.0}\drawfour{-2.5}{0.
0}\drawfive{0.0}{-5.0}\drawfinalcell{2.5}{-7.5}}\PRODUCEPAGE\def\drawarrows{\dr
awinitialcell{-7.5}{2.5}\drawfive{-5.0}{0.0}\drawfive{0.0}{-5.0}\drawnegfour{2.
5}{-5.0}\drawfinalcell{2.5}{-2.5}}\PRODUCEPAGE\def\drawarrows{\drawinitialcell{
-7.5}{2.5}\drawfive{-5.0}{0.0}\drawone{0.0}{-2.5}\drawfour{2.5}{-5.0}\drawfinal
cell{2.5}{-7.5}}\PRODUCEPAGE\def\drawarrows{\drawinitialcell{-7.5}{2.5}\drawneg
four{-7.5}{5.0}\drawfive{-5.0}{5.0}\drawfour{-2.5}{0.0}\drawfive{0.0}{-5.0}\dra
wfinalcell{2.5}{-7.5}}\PRODUCEPAGE\def\drawarrows{\drawinitialcell{-7.5}{2.5}\d
rawone{-5.0}{2.5}\drawfour{-2.5}{0.0}\drawfour{-2.5}{-5.0}\drawone{0.0}{-7.5}\d
rawfinalcell{2.5}{-7.5}}\PRODUCEPAGE\def\drawarrows{\drawinitialcell{-7.5}{2.5}
\drawone{-5.0}{2.5}\drawfour{-2.5}{0.0}\drawfive{0.0}{-5.0}\drawnegone{0.0}{-7.
5}\drawfinalcell{-2.5}{-7.5}}\PRODUCEPAGE\def\drawarrows{\drawinitialcell{-7.5}
{2.5}\drawone{-5.0}{2.5}\drawone{0.0}{2.5}\drawthree{0.0}{0.0}\drawfive{0.0}{-5
.0}\drawfinalcell{2.5}{-7.5}}\PRODUCEPAGE\def\drawarrows{\drawinitialcell{-2.5}
{2.5}\drawnegfour{-2.5}{5.0}\drawthree{-5.0}{5.0}\drawfive{-5.0}{0.0}\drawfive{
0.0}{-5.0}\drawfinalcell{2.5}{-7.5}}\PRODUCEPAGE\def\drawarrows{\drawinitialcel
l{-2.5}{2.5}\drawone{0.0}{2.5}\drawfive{5.0}{0.0}\drawthree{5.0}{-5.0}\drawnegf
ive{0.0}{-5.0}\drawnegone{-5.0}{-2.5}\drawfinalcell{-7.5}{-2.5}}\PRODUCEPAGE\de
f\drawarrows{\drawinitialcell{-2.5}{2.5}\drawnegfive{-5.0}{5.0}\drawfour{-7.5}{
5.0}\drawfive{-5.0}{0.0}\drawfive{0.0}{-5.0}\drawfinalcell{2.5}{-7.5}}\PRODUCEP
AGE\def\drawarrows{\drawinitialcell{2.5}{-7.5}\drawnegone{0.0}{-7.5}\drawnegfou
r{-2.5}{-5.0}\drawnegfive{-5.0}{0.0}\drawfour{-7.5}{0.0}\drawfinalcell{-7.5}{-2
.5}}\PRODUCEPAGE\def\drawarrows{\drawinitialcell{2.5}{-7.5}\drawnegfive{0.0}{-5
.0}\drawnegthree{0.0}{0.0}\drawnegfour{2.5}{5.0}\drawone{5.0}{7.5}\drawfinalcel
l{7.5}{7.5}}\PRODUCEPAGE\def\drawarrows{\drawinitialcell{2.5}{-7.5}\drawnegfive
{0.0}{-5.0}\drawnegfour{-2.5}{0.0}\drawnegthree{0.0}{5.0}\drawone{5.0}{7.5}\dra
wfinalcell{7.5}{7.5}}\PRODUCEPAGE\def\drawarrows{\drawinitialcell{2.5}{-7.5}\dr
awnegfive{0.0}{-5.0}\drawnegfour{-2.5}{0.0}\drawone{0.0}{2.5}\drawnegfour{2.5}{
5.0}\drawfinalcell{2.5}{7.5}}\PRODUCEPAGE\def\drawarrows{\drawinitialcell{-7.5}
{-2.5}\drawone{-5.0}{-2.5}\drawnegfour{-2.5}{0.0}\drawone{0.0}{2.5}\drawfive{5.
0}{0.0}\drawthree{5.0}{-5.0}\drawfinalcell{2.5}{-7.5}}\PRODUCEPAGE\def\drawarro
ws{\drawinitialcell{2.5}{-7.5}\drawnegfour{2.5}{-5.0}\drawnegone{0.0}{-2.5}\dra
wnegthree{0.0}{0.0}\drawfive{5.0}{0.0}\drawfinalcell{7.5}{-2.5}}\PRODUCEPAGE\de
f\drawarrows{\drawinitialcell{2.5}{-7.5}\drawnegfour{2.5}{-5.0}\drawnegone{0.0}
{-2.5}\drawnegfive{-5.0}{0.0}\drawfinalcell{-7.5}{2.5}}\PRODUCEPAGE\def\drawarr
ows{\drawinitialcell{7.5}{2.5}\drawnegone{5.0}{2.5}\drawfive{5.0}{0.0}\drawnego
ne{5.0}{-2.5}\drawnegone{0.0}{-2.5}\drawnegfour{-2.5}{0.0}\drawfinalcell{-2.5}{
2.5}}\PRODUCEPAGE\def\drawarrows{\drawinitialcell{-7.5}{2.5}\drawnegfour{-7.5}{
5.0}\drawfive{-5.0}{5.0}\drawone{0.0}{2.5}\drawnegthree{5.0}{5.0}\drawfour{7.5}
{5.0}\drawfinalcell{7.5}{2.5}}\PRODUCEPAGE\def\drawarrows{\drawinitialcell{7.5}
{2.5}\drawnegone{5.0}{2.5}\drawfour{2.5}{0.0}\drawnegone{0.0}{-2.5}\drawnegfour
{-2.5}{0.0}\drawthree{-5.0}{0.0}\drawfinalcell{-7.5}{-2.5}}\PRODUCEPAGE\def\dra
warrows{\drawinitialcell{7.5}{7.5}\drawfour{7.5}{5.0}\drawnegone{5.0}{2.5}\draw
four{2.5}{0.0}\drawnegone{0.0}{-2.5}\drawnegfour{-2.5}{0.0}\drawfinalcell{-2.5}
{2.5}}\PRODUCEPAGE\def\drawarrows{\drawinitialcell{-7.5}{-2.5}\drawnegfour{-7.5
}{0.0}\drawnegfour{-7.5}{5.0}\drawfive{-5.0}{5.0}\drawfive{0.0}{0.0}\drawnegfou
r{2.5}{0.0}\drawnegfour{2.5}{5.0}\drawfinalcell{2.5}{7.5}}\PRODUCEPAGE\def\draw
arrows{\drawinitialcell{-2.5}{7.5}\drawfive{0.0}{5.0}\drawnegone{0.0}{2.5}\draw
five{0.0}{0.0}\drawfour{2.5}{-5.0}\drawfinalcell{2.5}{-7.5}}\PRODUCEPAGE\def\dr
awarrows{\drawinitialcell{-2.5}{-7.5}\drawone{0.0}{-7.5}\drawnegfour{2.5}{-5.0}
\drawnegone{0.0}{-2.5}\drawnegfour{-2.5}{0.0}\drawfinalcell{-2.5}{2.5}}\PRODUCE
PAGE\def\drawarrows{\drawinitialcell{2.5}{7.5}\drawfour{2.5}{5.0}\drawfive{5.0}
{0.0}\drawthree{5.0}{-5.0}\drawfinalcell{2.5}{-7.5}}\PRODUCEPAGE\def\drawarrows
{\drawinitialcell{-2.5}{2.5}\drawfour{-2.5}{0.0}\drawfour{-2.5}{-5.0}\drawone{0
.0}{-7.5}\drawnegfour{2.5}{-5.0}\drawfinalcell{2.5}{-2.5}}\PRODUCEPAGE\def\draw
arrows{\drawinitialcell{-2.5}{2.5}\drawfour{-2.5}{0.0}\drawfive{0.0}{-5.0}\draw
negone{0.0}{-7.5}\drawnegthree{0.0}{-5.0}\drawfinalcell{2.5}{-2.5}}\PRODUCEPAGE
\def\drawarrows{\drawinitialcell{-2.5}{2.5}\drawone{0.0}{2.5}\drawfour{2.5}{0.0
}\drawnegone{0.0}{-2.5}\drawfive{0.0}{-5.0}\drawfinalcell{2.5}{-7.5}}\PRODUCEPA
GE\def\drawarrows{\drawinitialcell{2.5}{-7.5}\drawnegfive{0.0}{-5.0}\drawnegfou
r{-2.5}{0.0}\drawnegfour{-2.5}{5.0}\drawfive{0.0}{5.0}\drawnegthree{5.0}{5.0}\d
rawfinalcell{7.5}{7.5}}\PRODUCEPAGE\def\drawarrows{\drawinitialcell{7.5}{7.5}\d
rawthree{5.0}{5.0}\drawnegone{0.0}{2.5}\drawfour{-2.5}{0.0}\drawfour{-2.5}{-5.0
}\drawone{0.0}{-7.5}\drawfinalcell{2.5}{-7.5}}\PRODUCEPAGE\def\drawarrows{\draw
initialcell{7.5}{7.5}\drawthree{5.0}{5.0}\drawfour{2.5}{0.0}\drawnegone{0.0}{-2
.5}\drawfive{0.0}{-5.0}\drawfinalcell{2.5}{-7.5}}\PRODUCEPAGE\def\drawarrows{\d
rawinitialcell{2.5}{-7.5}\drawnegfour{2.5}{-5.0}\drawthree{0.0}{-5.0}\drawnegfo
ur{-2.5}{-5.0}\drawnegfour{-2.5}{0.0}\drawfinalcell{-2.5}{2.5}}\PRODUCEPAGE\def
\drawarrows{\drawinitialcell{2.5}{-7.5}\drawnegfour{2.5}{-5.0}\drawnegfour{2.5}
{0.0}\drawthree{0.0}{0.0}\drawnegone{-5.0}{-2.5}\drawfinalcell{-7.5}{-2.5}}\PRO
DUCEPAGE\def\drawarrows{\drawinitialcell{2.5}{-7.5}\drawnegfour{2.5}{-5.0}\draw
negfour{2.5}{0.0}\drawnegone{0.0}{2.5}\drawthree{-5.0}{0.0}\drawfinalcell{-7.5}
{-2.5}}\PRODUCEPAGE\def\drawarrows{\drawinitialcell{2.5}{-7.5}\drawnegfour{2.5}
{-5.0}\drawnegfive{0.0}{0.0}\drawone{0.0}{2.5}\drawnegfive{0.0}{5.0}\drawfinalc
ell{-2.5}{7.5}}\PRODUCEPAGE\def\drawarrows{\drawinitialcell{2.5}{-2.5}\drawnegf
our{2.5}{0.0}\drawnegone{0.0}{2.5}\drawfour{-2.5}{0.0}\drawfive{0.0}{-5.0}\draw
finalcell{2.5}{-7.5}}\PRODUCEPAGE\def\drawarrows{\drawinitialcell{2.5}{-2.5}\dr
awnegfive{0.0}{0.0}\drawfour{-2.5}{0.0}\drawfour{-2.5}{-5.0}\drawone{0.0}{-7.5}
\drawfinalcell{2.5}{-7.5}}\PRODUCEPAGE\def\drawarrows{\drawinitialcell{2.5}{-2.
5}\drawnegfive{0.0}{0.0}\drawone{0.0}{2.5}\drawthree{0.0}{0.0}\drawfive{0.0}{-5
.0}\drawfinalcell{2.5}{-7.5}}\PRODUCEPAGE\def\drawarrows{\drawinitialcell{2.5}{
7.5}\drawnegone{0.0}{7.5}\drawfive{0.0}{5.0}\drawfive{5.0}{0.0}\drawnegone{5.0}
{-2.5}\drawnegone{0.0}{-2.5}\drawnegfour{-2.5}{0.0}\drawfinalcell{-2.5}{2.5}}\P
RODUCEPAGE\def\drawarrows{\drawinitialcell{-7.5}{2.5}\drawnegthree{-5.0}{5.0}\d
rawfive{0.0}{5.0}\drawfive{5.0}{0.0}\drawnegone{5.0}{-2.5}\drawnegone{0.0}{-2.5
}\drawnegfour{-2.5}{0.0}\drawfinalcell{-2.5}{2.5}}\PRODUCEPAGE\def\drawarrows{\
drawinitialcell{-2.5}{2.5}\drawfour{-2.5}{0.0}\drawnegfive{-5.0}{0.0}\drawnegth
ree{-5.0}{5.0}\drawfive{0.0}{5.0}\drawfive{5.0}{0.0}\drawnegone{5.0}{-2.5}\draw
finalcell{2.5}{-2.5}}\PRODUCEPAGE\def\drawarrows{\drawinitialcell{-7.5}{2.5}\dr
awone{-5.0}{2.5}\drawone{0.0}{2.5}\drawone{5.0}{2.5}\drawnegfour{7.5}{5.0}\draw
finalcell{7.5}{7.5}}\PRODUCEPAGE\def\drawarrows{\drawinitialcell{-7.5}{2.5}\dra
wone{-5.0}{2.5}\drawone{0.0}{2.5}\drawnegthree{5.0}{5.0}\drawfour{7.5}{5.0}\dra
wfinalcell{7.5}{2.5}}\PRODUCEPAGE\def\drawarrows{\drawinitialcell{-2.5}{7.5}\dr
awthree{-5.0}{5.0}\drawfive{-5.0}{0.0}\drawfive{0.0}{-5.0}\drawfinalcell{2.5}{-
7.5}}\PRODUCEPAGE\def\drawarrows{\drawinitialcell{7.5}{2.5}\drawnegone{5.0}{2.5
}\drawfour{2.5}{0.0}\drawnegone{0.0}{-2.5}\drawnegfour{-2.5}{0.0}\drawfinalcell
{-2.5}{2.5}}\PRODUCEPAGE\def\drawarrows{\drawinitialcell{7.5}{2.5}\drawnegone{5
.0}{2.5}\drawfour{2.5}{0.0}\drawnegfive{0.0}{0.0}\drawfour{-2.5}{0.0}\drawfinal
cell{-2.5}{-2.5}}\PRODUCEPAGE\def\drawarrows{\drawinitialcell{7.5}{-2.5}\drawne
gfive{5.0}{0.0}\drawfour{2.5}{0.0}\drawfour{2.5}{-5.0}\drawfinalcell{2.5}{-7.5}
}\PRODUCEPAGE\def\drawarrows{\drawinitialcell{-7.5}{7.5}\drawfour{-7.5}{5.0}\dr
awfive{-5.0}{0.0}\drawfive{0.0}{-5.0}\drawfinalcell{2.5}{-7.5}}\PRODUCEPAGE\def
\drawarrows{\drawinitialcell{-7.5}{2.5}\drawfive{-5.0}{0.0}\drawfour{-2.5}{-5.0
}\drawone{0.0}{-7.5}\drawfinalcell{2.5}{-7.5}}\PRODUCEPAGE\def\drawarrows{\draw
initialcell{-2.5}{2.5}\drawnegfour{-2.5}{5.0}\drawfive{0.0}{5.0}\drawfive{5.0}{
0.0}\drawthree{5.0}{-5.0}\drawfinalcell{2.5}{-7.5}}\PRODUCEPAGE\def\drawarrows{
\drawinitialcell{-2.5}{2.5}\drawfour{-2.5}{0.0}\drawnegthree{0.0}{0.0}\drawfive
{5.0}{0.0}\drawthree{5.0}{-5.0}\drawfinalcell{2.5}{-7.5}}\PRODUCEPAGE\def\drawa
rrows{\drawinitialcell{-2.5}{2.5}\drawone{0.0}{2.5}\drawfive{5.0}{0.0}\drawthre
e{5.0}{-5.0}\drawnegfive{0.0}{-5.0}\drawfinalcell{-2.5}{-2.5}}\PRODUCEPAGE\def\
drawarrows{\drawinitialcell{2.5}{-7.5}\drawnegone{0.0}{-7.5}\drawnegfour{-2.5}{
-5.0}\drawnegfive{-5.0}{0.0}\drawfinalcell{-7.5}{2.5}}\PRODUCEPAGE\def\drawarro
ws{\drawinitialcell{2.5}{-7.5}\drawnegfive{0.0}{-5.0}\drawnegthree{0.0}{0.0}\dr
awnegfour{2.5}{5.0}\drawfinalcell{2.5}{7.5}}\PRODUCEPAGE\def\drawarrows{\drawin
itialcell{2.5}{-7.5}\drawnegfive{0.0}{-5.0}\drawnegfour{-2.5}{0.0}\drawnegthree
{0.0}{5.0}\drawfinalcell{2.5}{7.5}}\PRODUCEPAGE\def\drawarrows{\drawinitialcell
{2.5}{-7.5}\drawnegfive{0.0}{-5.0}\drawnegfour{-2.5}{0.0}\drawone{0.0}{2.5}\dra
wfive{5.0}{0.0}\drawfinalcell{7.5}{-2.5}}\PRODUCEPAGE\def\drawarrows{\drawiniti
alcell{7.5}{7.5}\drawfour{7.5}{5.0}\drawnegone{5.0}{2.5}\drawfour{2.5}{0.0}\dra
wnegone{0.0}{-2.5}\drawfinalcell{-2.5}{-2.5}}\PRODUCEPAGE\def\drawarrows{\drawi
nitialcell{2.5}{-7.5}\drawnegthree{5.0}{-5.0}\drawnegfive{5.0}{0.0}\drawfour{2.
5}{0.0}\drawfinalcell{2.5}{-2.5}}\PRODUCEPAGE\def\drawarrows{\drawinitialcell{2
.5}{-2.5}\drawnegfour{2.5}{0.0}\drawfive{5.0}{0.0}\drawthree{5.0}{-5.0}\drawfin
alcell{2.5}{-7.5}}\PRODUCEPAGE\def\drawarrows{\drawinitialcell{2.5}{-2.5}\drawn
egfive{0.0}{0.0}\drawone{0.0}{2.5}\drawone{5.0}{2.5}\drawnegfour{7.5}{5.0}\draw
finalcell{7.5}{7.5}}\PRODUCEPAGE\def\drawarrows{\drawinitialcell{7.5}{7.5}\draw
three{5.0}{5.0}\drawfive{5.0}{0.0}\drawnegone{5.0}{-2.5}\drawnegone{0.0}{-2.5}\
drawnegfour{-2.5}{0.0}\drawthree{-5.0}{0.0}\drawfinalcell{-7.5}{-2.5}}\PRODUCEP
AGE\def\drawarrows{\drawinitialcell{-2.5}{7.5}\drawfive{0.0}{5.0}\drawfour{2.5}
{0.0}\drawfour{2.5}{-5.0}\drawfinalcell{2.5}{-7.5}}\PRODUCEPAGE\def\drawarrows{
\drawinitialcell{-2.5}{7.5}\drawfour{-2.5}{5.0}\drawthree{-5.0}{0.0}\drawone{-5
.0}{-2.5}\drawfive{0.0}{-5.0}\drawfinalcell{2.5}{-7.5}}\PRODUCEPAGE\def\drawarr
ows{\drawinitialcell{-2.5}{7.5}\drawfour{-2.5}{5.0}\drawfive{0.0}{0.0}\drawfour
{2.5}{-5.0}\drawfinalcell{2.5}{-7.5}}\PRODUCEPAGE\def\drawarrows{\drawinitialce
ll{-2.5}{-2.5}\drawnegfour{-2.5}{0.0}\drawthree{-5.0}{0.0}\drawfive{-5.0}{-5.0}
\drawone{0.0}{-7.5}\drawfinalcell{2.5}{-7.5}}\PRODUCEPAGE\def\drawarrows{\drawi
nitialcell{7.5}{2.5}\drawnegone{5.0}{2.5}\drawfive{5.0}{0.0}\drawnegone{5.0}{-2
.5}\drawfinalcell{2.5}{-2.5}}\PRODUCEPAGE\def\drawarrows{\drawinitialcell{-7.5}
{7.5}\drawfive{-5.0}{5.0}\drawfive{0.0}{0.0}\drawfour{2.5}{-5.0}\drawfinalcell{
2.5}{-7.5}}\PRODUCEPAGE\def\drawarrows{\drawinitialcell{-7.5}{2.5}\drawfive{-5.
0}{0.0}\drawfive{0.0}{-5.0}\drawfinalcell{2.5}{-7.5}}\PRODUCEPAGE\def\drawarrow
s{\drawinitialcell{-7.5}{2.5}\drawone{-5.0}{2.5}\drawone{0.0}{2.5}\drawone{5.0}
{2.5}\drawfinalcell{7.5}{2.5}}\PRODUCEPAGE\def\drawarrows{\drawinitialcell{-2.5
}{2.5}\drawfour{-2.5}{0.0}\drawfive{0.0}{-5.0}\drawnegfour{2.5}{-5.0}\drawfinal
cell{2.5}{-2.5}}\PRODUCEPAGE\def\drawarrows{\drawinitialcell{-2.5}{2.5}\drawfou
r{-2.5}{0.0}\drawone{0.0}{-2.5}\drawfour{2.5}{-5.0}\drawfinalcell{2.5}{-7.5}}\P
RODUCEPAGE\def\drawarrows{\drawinitialcell{2.5}{-7.5}\drawnegone{0.0}{-7.5}\dra
wnegfour{-2.5}{-5.0}\drawnegfour{-2.5}{0.0}\drawthree{-5.0}{0.0}\drawfinalcell{
-7.5}{-2.5}}\PRODUCEPAGE\def\drawarrows{\drawinitialcell{2.5}{-7.5}\drawnegfive
{0.0}{-5.0}\drawnegfour{-2.5}{0.0}\drawnegfour{-2.5}{5.0}\drawfive{0.0}{5.0}\dr
awfinalcell{2.5}{2.5}}\PRODUCEPAGE\def\drawarrows{\drawinitialcell{-7.5}{-2.5}\
drawone{-5.0}{-2.5}\drawone{0.0}{-2.5}\drawfour{2.5}{-5.0}\drawfinalcell{2.5}{-
7.5}}\PRODUCEPAGE\def\drawarrows{\drawinitialcell{7.5}{7.5}\drawthree{5.0}{5.0}
\drawnegone{0.0}{2.5}\drawfour{-2.5}{0.0}\drawfive{0.0}{-5.0}\drawfinalcell{2.5
}{-7.5}}\PRODUCEPAGE\def\drawarrows{\drawinitialcell{7.5}{7.5}\drawthree{5.0}{5
.0}\drawfour{2.5}{0.0}\drawfour{2.5}{-5.0}\drawfinalcell{2.5}{-7.5}}\PRODUCEPAG
E\def\drawarrows{\drawinitialcell{-7.5}{-2.5}\drawnegfour{-7.5}{0.0}\drawone{-5
.0}{2.5}\drawone{0.0}{2.5}\drawfive{5.0}{0.0}\drawnegone{5.0}{-2.5}\drawfinalce
ll{2.5}{-2.5}}\PRODUCEPAGE\def\drawarrows{\drawinitialcell{2.5}{-7.5}\drawnegfo
ur{2.5}{-5.0}\drawnegfour{2.5}{0.0}\drawnegone{0.0}{2.5}\drawfinalcell{-2.5}{2.
5}}\PRODUCEPAGE\def\drawarrows{\drawinitialcell{2.5}{-2.5}\drawnegone{0.0}{-2.5
}\drawfour{-2.5}{-5.0}\drawone{0.0}{-7.5}\drawfinalcell{2.5}{-7.5}}\PRODUCEPAGE
\def\drawarrows{\drawinitialcell{2.5}{-2.5}\drawnegfour{2.5}{0.0}\drawthree{0.0
}{0.0}\drawfive{0.0}{-5.0}\drawfinalcell{2.5}{-7.5}}\PRODUCEPAGE\def\drawarrows
{\drawinitialcell{-2.5}{7.5}\drawone{0.0}{7.5}\drawthree{0.0}{5.0}\drawfour{-2.
5}{0.0}\drawfour{-2.5}{-5.0}\drawnegthree{0.0}{-5.0}\drawfinalcell{2.5}{-2.5}}\
PRODUCEPAGE\def\drawarrows{\drawinitialcell{-2.5}{-2.5}\drawnegone{-5.0}{-2.5}\
drawnegfour{-7.5}{0.0}\drawone{-5.0}{2.5}\drawone{0.0}{2.5}\drawfour{2.5}{0.0}\
drawfinalcell{2.5}{-2.5}}\PRODUCEPAGE\def\drawarrows{\drawinitialcell{7.5}{2.5}
\drawnegone{5.0}{2.5}\drawfour{2.5}{0.0}\drawnegone{0.0}{-2.5}\drawfinalcell{-2
.5}{-2.5}}\PRODUCEPAGE\def\drawarrows{\drawinitialcell{7.5}{7.5}\drawfour{7.5}{
5.0}\drawnegone{5.0}{2.5}\drawfour{2.5}{0.0}\drawfinalcell{2.5}{-2.5}}\PRODUCEP
AGE\def\drawarrows{\drawinitialcell{-7.5}{-2.5}\drawnegfour{-7.5}{0.0}\drawone{
-5.0}{2.5}\drawone{0.0}{2.5}\drawfour{2.5}{0.0}\drawnegone{0.0}{-2.5}\drawfinal
cell{-2.5}{-2.5}}\PRODUCEPAGE\def\drawarrows{\drawinitialcell{2.5}{-2.5}\drawne
gfive{0.0}{0.0}\drawone{0.0}{2.5}\drawone{5.0}{2.5}\drawfinalcell{7.5}{2.5}}\PR
ODUCEPAGE\def\drawarrows{\drawinitialcell{7.5}{-2.5}\drawnegfive{5.0}{0.0}\draw
one{5.0}{2.5}\drawnegfour{7.5}{5.0}\drawfinalcell{7.5}{7.5}}\PRODUCEPAGE\def\dr
awarrows{\drawinitialcell{-7.5}{-2.5}\drawnegfour{-7.5}{0.0}\drawone{-5.0}{2.5}
\drawnegfour{-2.5}{5.0}\drawfive{0.0}{5.0}\drawfive{5.0}{0.0}\drawfinalcell{7.5
}{-2.5}}\PRODUCEPAGE\def\drawarrows{\drawinitialcell{-2.5}{7.5}\drawfive{0.0}{5
.0}\drawone{5.0}{2.5}\drawnegfour{7.5}{5.0}\drawfinalcell{7.5}{7.5}}\PRODUCEPAG
E\def\drawarrows{\drawinitialcell{-2.5}{7.5}\drawfive{0.0}{5.0}\drawfive{5.0}{0
.0}\drawthree{5.0}{-5.0}\drawfinalcell{2.5}{-7.5}}\PRODUCEPAGE\def\drawarrows{\
drawinitialcell{2.5}{2.5}\drawfive{5.0}{0.0}\drawnegone{5.0}{-2.5}\drawnegone{0
.0}{-2.5}\drawnegfour{-2.5}{0.0}\drawthree{-5.0}{0.0}\drawfinalcell{-7.5}{-2.5}
}\PRODUCEPAGE\def\drawarrows{\drawinitialcell{2.5}{2.5}\drawfour{2.5}{0.0}\draw
four{2.5}{-5.0}\drawfinalcell{2.5}{-7.5}}\PRODUCEPAGE\def\drawarrows{\drawiniti
alcell{7.5}{2.5}\drawnegone{5.0}{2.5}\drawnegone{0.0}{2.5}\drawfour{-2.5}{0.0}\
drawfinalcell{-2.5}{-2.5}}\PRODUCEPAGE\def\drawarrows{\drawinitialcell{7.5}{2.5
}\drawnegone{5.0}{2.5}\drawnegone{0.0}{2.5}\drawthree{-5.0}{0.0}\drawfinalcell{
-7.5}{-2.5}}\PRODUCEPAGE\def\drawarrows{\drawinitialcell{7.5}{-2.5}\drawnegfive
{5.0}{0.0}\drawone{5.0}{2.5}\drawfinalcell{7.5}{2.5}}\PRODUCEPAGE\def\drawarrow
s{\drawinitialcell{7.5}{-2.5}\drawnegfive{5.0}{0.0}\drawfour{2.5}{0.0}\drawnego
ne{0.0}{-2.5}\drawnegfour{-2.5}{0.0}\drawthree{-5.0}{0.0}\drawfinalcell{-7.5}{-
2.5}}\PRODUCEPAGE\def\drawarrows{\drawinitialcell{-7.5}{2.5}\drawnegthree{-5.0}
{5.0}\drawfour{-2.5}{5.0}\drawfour{-2.5}{0.0}\drawthree{-5.0}{-5.0}\drawnegfour
{-7.5}{-5.0}\drawfinalcell{-7.5}{-2.5}}\PRODUCEPAGE\def\drawarrows{\drawinitial
cell{-2.5}{2.5}\drawone{0.0}{2.5}\drawone{5.0}{2.5}\drawnegfour{7.5}{5.0}\drawf
inalcell{7.5}{7.5}}\PRODUCEPAGE\def\drawarrows{\drawinitialcell{-2.5}{2.5}\draw
one{0.0}{2.5}\drawfive{5.0}{0.0}\drawthree{5.0}{-5.0}\drawfinalcell{2.5}{-7.5}}
\PRODUCEPAGE\def\drawarrows{\drawinitialcell{2.5}{-7.5}\drawnegfive{0.0}{-5.0}\
drawone{0.0}{-2.5}\drawfinalcell{2.5}{-2.5}}\PRODUCEPAGE\def\drawarrows{\drawin
itialcell{7.5}{7.5}\drawthree{5.0}{5.0}\drawfive{5.0}{0.0}\drawthree{5.0}{-5.0}
\drawfinalcell{2.5}{-7.5}}\PRODUCEPAGE\def\drawarrows{\drawinitialcell{7.5}{7.5
}\drawthree{5.0}{5.0}\drawfive{5.0}{0.0}\drawnegone{5.0}{-2.5}\drawnegone{0.0}{
-2.5}\drawnegfour{-2.5}{0.0}\drawfinalcell{-2.5}{2.5}}\PRODUCEPAGE\def\drawarro
ws{\drawinitialcell{-2.5}{7.5}\drawfive{0.0}{5.0}\drawone{5.0}{2.5}\drawfinalce
ll{7.5}{2.5}}\PRODUCEPAGE\def\drawarrows{\drawinitialcell{2.5}{7.5}\drawnegone{
0.0}{7.5}\drawfive{0.0}{5.0}\drawfive{5.0}{0.0}\drawnegone{5.0}{-2.5}\drawfinal
cell{2.5}{-2.5}}\PRODUCEPAGE\def\drawarrows{\drawinitialcell{2.5}{7.5}\drawthre
e{0.0}{5.0}\drawnegfour{-2.5}{5.0}\drawthree{-5.0}{5.0}\drawfour{-7.5}{0.0}\dra
wfinalcell{-7.5}{-2.5}}\PRODUCEPAGE\def\drawarrows{\drawinitialcell{2.5}{2.5}\d
rawnegthree{5.0}{5.0}\drawfour{7.5}{5.0}\drawfinalcell{7.5}{2.5}}\PRODUCEPAGE\d
ef\drawarrows{\drawinitialcell{7.5}{2.5}\drawnegone{5.0}{2.5}\drawnegone{0.0}{2
.5}\drawfinalcell{-2.5}{2.5}}\PRODUCEPAGE\def\drawarrows{\drawinitialcell{7.5}{
2.5}\drawnegone{5.0}{2.5}\drawnegthree{5.0}{5.0}\drawfinalcell{7.5}{7.5}}\PRODU
CEPAGE\def\drawarrows{\drawinitialcell{-7.5}{2.5}\drawnegthree{-5.0}{5.0}\drawf
ive{0.0}{5.0}\drawfive{5.0}{0.0}\drawnegone{5.0}{-2.5}\drawfinalcell{2.5}{-2.5}
}\PRODUCEPAGE\def\drawarrows{\drawinitialcell{-7.5}{2.5}\drawone{-5.0}{2.5}\dra
wone{0.0}{2.5}\drawfive{5.0}{0.0}\drawnegone{5.0}{-2.5}\drawfinalcell{2.5}{-2.5
}}\PRODUCEPAGE\def\drawarrows{\drawinitialcell{-2.5}{2.5}\drawone{0.0}{2.5}\dra
wone{5.0}{2.5}\drawfinalcell{7.5}{2.5}}\PRODUCEPAGE\def\drawarrows{\drawinitial
cell{7.5}{7.5}\drawthree{5.0}{5.0}\drawone{5.0}{2.5}\drawfinalcell{7.5}{2.5}}\P
RODUCEPAGE\def\drawarrows{\drawinitialcell{2.5}{-2.5}\drawnegone{0.0}{-2.5}\dra
wnegfour{-2.5}{0.0}\drawnegfour{-2.5}{5.0}\drawfive{0.0}{5.0}\drawnegthree{5.0}
{5.0}\drawfinalcell{7.5}{7.5}}\PRODUCEPAGE\def\drawarrows{\drawinitialcell{-2.5
}{7.5}\drawone{0.0}{7.5}\drawthree{0.0}{5.0}\drawone{0.0}{2.5}\drawfour{2.5}{0.
0}\drawfinalcell{2.5}{-2.5}}\PRODUCEPAGE\def\drawarrows{\drawinitialcell{-2.5}{
7.5}\drawthree{-5.0}{5.0}\drawnegfour{-7.5}{5.0}\drawfive{-5.0}{5.0}\drawfive{0
.0}{0.0}\drawfinalcell{2.5}{-2.5}}\PRODUCEPAGE\def\drawarrows{\drawinitialcell{
-7.5}{-2.5}\drawnegfour{-7.5}{0.0}\drawnegthree{-5.0}{5.0}\drawfive{0.0}{5.0}\d
rawfour{2.5}{0.0}\drawfinalcell{2.5}{-2.5}}\PRODUCEPAGE\def\drawarrows{\drawini
tialcell{-7.5}{-2.5}\drawnegfour{-7.5}{0.0}\drawnegfour{-7.5}{5.0}\drawfive{-5.
0}{5.0}\drawfive{0.0}{0.0}\drawfinalcell{2.5}{-2.5}}\PRODUCEPAGE\def\drawarrows
{\drawinitialcell{-7.5}{-2.5}\drawnegfour{-7.5}{0.0}\drawone{-5.0}{2.5}\drawone
{0.0}{2.5}\drawfour{2.5}{0.0}\drawfinalcell{2.5}{-2.5}}\PRODUCEPAGE\def\drawarr
ows{\drawinitialcell{2.5}{-2.5}\drawnegfive{0.0}{0.0}\drawnegfour{-2.5}{5.0}\dr
awthree{-5.0}{5.0}\drawfour{-7.5}{0.0}\drawfinalcell{-7.5}{-2.5}}\PRODUCEPAGE\d
ef\drawarrows{\drawinitialcell{2.5}{-2.5}\drawnegfive{0.0}{0.0}\drawnegfive{-5.
0}{5.0}\drawfour{-7.5}{5.0}\drawfive{-5.0}{0.0}\drawfinalcell{-2.5}{-2.5}}\PROD
UCEPAGE\def\drawarrows{\drawinitialcell{-2.5}{7.5}\drawfour{-2.5}{5.0}\drawfour
{-2.5}{0.0}\drawfive{0.0}{-5.0}\drawfinalcell{2.5}{-7.5}}\PRODUCEPAGE\def\drawa
rrows{\drawinitialcell{-2.5}{-2.5}\drawnegone{-5.0}{-2.5}\drawfive{-5.0}{-5.0}\
drawone{0.0}{-7.5}\drawfinalcell{2.5}{-7.5}}\PRODUCEPAGE\def\drawarrows{\drawin
itialcell{2.5}{2.5}\drawfive{5.0}{0.0}\drawthree{5.0}{-5.0}\drawfinalcell{2.5}{
-7.5}}\PRODUCEPAGE\def\drawarrows{\drawinitialcell{2.5}{2.5}\drawnegone{0.0}{2.
5}\drawfour{-2.5}{0.0}\drawfive{0.0}{-5.0}\drawfinalcell{2.5}{-7.5}}\PRODUCEPAG
E\def\drawarrows{\drawinitialcell{-7.5}{7.5}\drawfive{-5.0}{5.0}\drawfour{-2.5}
{0.0}\drawfive{0.0}{-5.0}\drawfinalcell{2.5}{-7.5}}\PRODUCEPAGE\def\drawarrows{
\drawinitialcell{-7.5}{-7.5}\drawnegfour{-7.5}{-5.0}\drawone{-5.0}{-2.5}\drawfi
ve{0.0}{-5.0}\drawfinalcell{2.5}{-7.5}}\PRODUCEPAGE\def\drawarrows{\drawinitial
cell{-2.5}{2.5}\drawfour{-2.5}{0.0}\drawfour{-2.5}{-5.0}\drawone{0.0}{-7.5}\dra
wfinalcell{2.5}{-7.5}}\PRODUCEPAGE\def\drawarrows{\drawinitialcell{2.5}{-7.5}\d
rawnegone{0.0}{-7.5}\drawnegfour{-2.5}{-5.0}\drawnegfour{-2.5}{0.0}\drawfinalce
ll{-2.5}{2.5}}\PRODUCEPAGE\def\drawarrows{\drawinitialcell{-7.5}{-2.5}\drawone{
-5.0}{-2.5}\drawfour{-2.5}{-5.0}\drawone{0.0}{-7.5}\drawfinalcell{2.5}{-7.5}}\P
RODUCEPAGE\def\drawarrows{\drawinitialcell{2.5}{-7.5}\drawnegfive{0.0}{-5.0}\dr
awnegthree{0.0}{0.0}\drawnegthree{5.0}{5.0}\drawfinalcell{7.5}{7.5}}\PRODUCEPAG
E\def\drawarrows{\drawinitialcell{2.5}{-7.5}\drawnegfive{0.0}{-5.0}\drawnegfour
{-2.5}{0.0}\drawnegfour{-2.5}{5.0}\drawfinalcell{-2.5}{7.5}}\PRODUCEPAGE\def\dr
awarrows{\drawinitialcell{2.5}{-7.5}\drawnegfive{0.0}{-5.0}\drawnegfour{-2.5}{0
.0}\drawthree{-5.0}{0.0}\drawfinalcell{-7.5}{-2.5}}\PRODUCEPAGE\def\drawarrows{
\drawinitialcell{-2.5}{7.5}\drawone{0.0}{7.5}\drawfour{2.5}{5.0}\drawnegone{0.0
}{2.5}\drawfour{-2.5}{0.0}\drawfinalcell{-2.5}{-2.5}}\PRODUCEPAGE\def\drawarrow
s{\drawinitialcell{-2.5}{7.5}\drawthree{-5.0}{5.0}\drawfive{-5.0}{0.0}\drawnegf
our{-2.5}{0.0}\drawthree{-5.0}{0.0}\drawfinalcell{-7.5}{-2.5}}\PRODUCEPAGE\def\
drawarrows{\drawinitialcell{2.5}{7.5}\drawnegone{0.0}{7.5}\drawfive{0.0}{5.0}\d
rawnegone{0.0}{2.5}\drawthree{-5.0}{0.0}\drawfinalcell{-7.5}{-2.5}}\PRODUCEPAGE
\def\drawarrows{\drawinitialcell{2.5}{7.5}\drawfour{2.5}{5.0}\drawnegfive{0.0}{
5.0}\drawfour{-2.5}{5.0}\drawthree{-5.0}{0.0}\drawfinalcell{-7.5}{-2.5}}\PRODUC
EPAGE\def\drawarrows{\drawinitialcell{2.5}{2.5}\drawfive{5.0}{0.0}\drawnegone{5
.0}{-2.5}\drawnegone{0.0}{-2.5}\drawnegfour{-2.5}{0.0}\drawfinalcell{-2.5}{2.5}
}\PRODUCEPAGE\def\drawarrows{\drawinitialcell{2.5}{2.5}\drawfive{5.0}{0.0}\draw
negone{5.0}{-2.5}\drawnegfive{0.0}{0.0}\drawnegfive{-5.0}{5.0}\drawfinalcell{-7
.5}{7.5}}\PRODUCEPAGE\def\drawarrows{\drawinitialcell{7.5}{-2.5}\drawnegfive{5.
0}{0.0}\drawfour{2.5}{0.0}\drawnegone{0.0}{-2.5}\drawnegfour{-2.5}{0.0}\drawfin
alcell{-2.5}{2.5}}\PRODUCEPAGE\def\drawarrows{\drawinitialcell{7.5}{-2.5}\drawn
egfive{5.0}{0.0}\drawfour{2.5}{0.0}\drawnegfive{0.0}{0.0}\drawfour{-2.5}{0.0}\d
rawfinalcell{-2.5}{-2.5}}\PRODUCEPAGE\def\drawarrows{\drawinitialcell{7.5}{-2.5
}\drawnegfive{5.0}{0.0}\drawfour{2.5}{0.0}\drawnegfive{0.0}{0.0}\drawnegfive{-5
.0}{5.0}\drawfinalcell{-7.5}{7.5}}\PRODUCEPAGE\def\drawarrows{\drawinitialcell{
-7.5}{7.5}\drawfour{-7.5}{5.0}\drawfive{-5.0}{0.0}\drawnegfour{-2.5}{0.0}\drawn
egfour{-2.5}{5.0}\drawfinalcell{-2.5}{7.5}}\PRODUCEPAGE\def\drawarrows{\drawini
tialcell{-7.5}{2.5}\drawnegthree{-5.0}{5.0}\drawfive{0.0}{5.0}\drawnegone{0.0}{
2.5}\drawthree{-5.0}{0.0}\drawfinalcell{-7.5}{-2.5}}\PRODUCEPAGE\def\drawarrows
{\drawinitialcell{-7.5}{2.5}\drawnegthree{-5.0}{5.0}\drawfour{-2.5}{5.0}\drawfo
ur{-2.5}{0.0}\drawthree{-5.0}{-5.0}\drawfinalcell{-7.5}{-7.5}}\PRODUCEPAGE\def\
drawarrows{\drawinitialcell{-7.5}{2.5}\drawnegthree{-5.0}{5.0}\drawfour{-2.5}{5
.0}\drawone{0.0}{2.5}\drawnegthree{5.0}{5.0}\drawfinalcell{7.5}{7.5}}\PRODUCEPA
GE\def\drawarrows{\drawinitialcell{-7.5}{2.5}\drawnegthree{-5.0}{5.0}\drawfour{
-2.5}{5.0}\drawthree{-5.0}{0.0}\drawone{-5.0}{-2.5}\drawfinalcell{-2.5}{-2.5}}\
PRODUCEPAGE\def\drawarrows{\drawinitialcell{-7.5}{2.5}\drawfive{-5.0}{0.0}\draw
negfour{-2.5}{0.0}\drawone{0.0}{2.5}\drawnegthree{5.0}{5.0}\drawfinalcell{7.5}{
7.5}}\PRODUCEPAGE\def\drawarrows{\drawinitialcell{-7.5}{2.5}\drawfive{-5.0}{0.0
}\drawnegfour{-2.5}{0.0}\drawthree{-5.0}{0.0}\drawfive{-5.0}{-5.0}\drawfinalcel
l{-2.5}{-7.5}}\PRODUCEPAGE\def\drawarrows{\drawinitialcell{-2.5}{2.5}\drawfour{
-2.5}{0.0}\drawnegthree{0.0}{0.0}\drawnegfour{2.5}{5.0}\drawone{5.0}{7.5}\drawf
inalcell{7.5}{7.5}}\PRODUCEPAGE\def\drawarrows{\drawinitialcell{-7.5}{-2.5}\dra
wnegfour{-7.5}{0.0}\drawnegthree{-5.0}{5.0}\drawfour{-2.5}{5.0}\drawfour{-2.5}{
0.0}\drawfinalcell{-2.5}{-2.5}}\PRODUCEPAGE\def\drawarrows{\drawinitialcell{-7.
5}{-2.5}\drawnegfour{-7.5}{0.0}\drawfive{-5.0}{0.0}\drawnegthree{0.0}{0.0}\draw
negone{0.0}{2.5}\drawfinalcell{-2.5}{2.5}}\PRODUCEPAGE\def\drawarrows{\drawinit
ialcell{-7.5}{-2.5}\drawnegfour{-7.5}{0.0}\drawnegfour{-7.5}{5.0}\drawfive{-5.0
}{5.0}\drawfour{-2.5}{0.0}\drawfinalcell{-2.5}{-2.5}}\PRODUCEPAGE\def\drawarrow
s{\drawinitialcell{-7.5}{-2.5}\drawnegfour{-7.5}{0.0}\drawone{-5.0}{2.5}\drawfo
ur{-2.5}{0.0}\drawfour{-2.5}{-5.0}\drawfinalcell{-2.5}{-7.5}}\PRODUCEPAGE\def\d
rawarrows{\drawinitialcell{2.5}{-2.5}\drawnegfive{0.0}{0.0}\drawnegfour{-2.5}{5
.0}\drawfive{0.0}{5.0}\drawfive{5.0}{0.0}\drawfinalcell{7.5}{-2.5}}\PRODUCEPAGE
\def\drawarrows{\drawinitialcell{-2.5}{7.5}\drawfour{-2.5}{5.0}\drawfour{-2.5}{
0.0}\drawone{0.0}{-2.5}\drawthree{0.0}{-5.0}\drawfinalcell{-2.5}{-7.5}}\PRODUCE
PAGE\def\drawarrows{\drawinitialcell{2.5}{7.5}\drawthree{0.0}{5.0}\drawnegfour{
-2.5}{5.0}\drawthree{-5.0}{5.0}\drawfinalcell{-7.5}{2.5}}\PRODUCEPAGE\def\drawa
rrows{\drawinitialcell{-2.5}{2.5}\drawfour{-2.5}{0.0}\drawone{0.0}{-2.5}\drawne
gfour{2.5}{0.0}\drawnegfive{0.0}{5.0}\drawfinalcell{-2.5}{7.5}}\PRODUCEPAGE\def
\drawarrows{\drawinitialcell{2.5}{-2.5}\drawnegone{0.0}{-2.5}\drawnegfour{-2.5}
{0.0}\drawnegfour{-2.5}{5.0}\drawfive{0.0}{5.0}\drawfinalcell{2.5}{2.5}}\PRODUC
EPAGE\def\drawarrows{\drawinitialcell{2.5}{-2.5}\drawnegone{0.0}{-2.5}\drawnegf
our{-2.5}{0.0}\drawthree{-5.0}{0.0}\drawfive{-5.0}{-5.0}\drawfinalcell{-2.5}{-7
.5}}\PRODUCEPAGE\def\drawarrows{\drawinitialcell{2.5}{-2.5}\drawnegfour{2.5}{0.
0}\drawthree{0.0}{0.0}\drawnegfour{-2.5}{0.0}\drawthree{-5.0}{0.0}\drawfinalcel
l{-7.5}{-2.5}}\PRODUCEPAGE\def\drawarrows{\drawinitialcell{2.5}{7.5}\drawnegone
{0.0}{7.5}\drawfour{-2.5}{5.0}\drawfive{0.0}{0.0}\drawfinalcell{2.5}{-2.5}}\PRO
DUCEPAGE\def\drawarrows{\drawinitialcell{2.5}{7.5}\drawthree{0.0}{5.0}\drawfour
{-2.5}{0.0}\drawone{0.0}{-2.5}\drawfinalcell{2.5}{-2.5}}\PRODUCEPAGE\def\drawar
rows{\drawinitialcell{2.5}{7.5}\drawthree{0.0}{5.0}\drawone{0.0}{2.5}\drawfour{
2.5}{0.0}\drawfinalcell{2.5}{-2.5}}\PRODUCEPAGE\def\drawarrows{\drawinitialcell
{-7.5}{-7.5}\drawnegthree{-5.0}{-5.0}\drawfive{0.0}{-5.0}\drawfinalcell{2.5}{-7
.5}}\PRODUCEPAGE\def\drawarrows{\drawinitialcell{-7.5}{2.5}\drawnegthree{-5.0}{
5.0}\drawfour{-2.5}{5.0}\drawfive{0.0}{0.0}\drawfinalcell{2.5}{-2.5}}\PRODUCEPA
GE\def\drawarrows{\drawinitialcell{-7.5}{2.5}\drawfive{-5.0}{0.0}\drawnegfour{-
2.5}{0.0}\drawfive{0.0}{0.0}\drawfinalcell{2.5}{-2.5}}\PRODUCEPAGE\def\drawarro
ws{\drawinitialcell{-7.5}{2.5}\drawnegfour{-7.5}{5.0}\drawfive{-5.0}{5.0}\drawf
ive{0.0}{0.0}\drawfinalcell{2.5}{-2.5}}\PRODUCEPAGE\def\drawarrows{\drawinitial
cell{-2.5}{2.5}\drawfour{-2.5}{0.0}\drawfive{0.0}{-5.0}\drawfinalcell{2.5}{-7.5
}}\PRODUCEPAGE\def\drawarrows{\drawinitialcell{2.5}{-7.5}\drawnegfive{0.0}{-5.0
}\drawfour{-2.5}{-5.0}\drawfinalcell{-2.5}{-7.5}}\PRODUCEPAGE\def\drawarrows{\d
rawinitialcell{2.5}{-7.5}\drawnegfive{0.0}{-5.0}\drawnegthree{0.0}{0.0}\drawfin
alcell{2.5}{2.5}}\PRODUCEPAGE\def\drawarrows{\drawinitialcell{2.5}{-7.5}\drawne
gfive{0.0}{-5.0}\drawnegfour{-2.5}{0.0}\drawfinalcell{-2.5}{2.5}}\PRODUCEPAGE\d
ef\drawarrows{\drawinitialcell{2.5}{-2.5}\drawnegone{0.0}{-2.5}\drawnegfive{-5.
0}{0.0}\drawnegthree{-5.0}{5.0}\drawfinalcell{-2.5}{7.5}}\PRODUCEPAGE\def\drawa
rrows{\drawinitialcell{2.5}{-2.5}\drawnegfive{0.0}{0.0}\drawnegfour{-2.5}{5.0}\
drawthree{-5.0}{5.0}\drawfinalcell{-7.5}{2.5}}\PRODUCEPAGE\def\drawarrows{\draw
initialcell{2.5}{-2.5}\drawnegfive{0.0}{0.0}\drawnegfive{-5.0}{5.0}\drawfour{-7
.5}{5.0}\drawfinalcell{-7.5}{2.5}}\PRODUCEPAGE\def\drawarrows{\drawinitialcell{
2.5}{7.5}\drawnegone{0.0}{7.5}\drawfive{0.0}{5.0}\drawfive{5.0}{0.0}\drawfinalc
ell{7.5}{-2.5}}\PRODUCEPAGE\def\drawarrows{\drawinitialcell{2.5}{7.5}\drawfour{
2.5}{5.0}\drawfour{2.5}{0.0}\drawfinalcell{2.5}{-2.5}}\PRODUCEPAGE\def\drawarro
ws{\drawinitialcell{-7.5}{2.5}\drawnegthree{-5.0}{5.0}\drawfive{0.0}{5.0}\drawf
ive{5.0}{0.0}\drawfinalcell{7.5}{-2.5}}\PRODUCEPAGE\def\drawarrows{\drawinitial
cell{-7.5}{2.5}\drawfive{-5.0}{0.0}\drawnegthree{0.0}{0.0}\drawfive{5.0}{0.0}\d
rawfinalcell{7.5}{-2.5}}\PRODUCEPAGE\def\drawarrows{\drawinitialcell{-7.5}{2.5}
\drawfive{-5.0}{0.0}\drawone{0.0}{-2.5}\drawfinalcell{2.5}{-2.5}}\PRODUCEPAGE\d
ef\drawarrows{\drawinitialcell{7.5}{7.5}\drawthree{5.0}{5.0}\drawnegone{0.0}{2.
5}\drawfour{-2.5}{0.0}\drawfour{-2.5}{-5.0}\drawfinalcell{-2.5}{-7.5}}\PRODUCEP
AGE\def\drawarrows{\drawinitialcell{-2.5}{7.5}\drawthree{-5.0}{5.0}\drawfive{-5
.0}{0.0}\drawnegfour{-2.5}{0.0}\drawfinalcell{-2.5}{2.5}}\PRODUCEPAGE\def\drawa
rrows{\drawinitialcell{-2.5}{7.5}\drawthree{-5.0}{5.0}\drawfour{-7.5}{0.0}\draw
one{-5.0}{-2.5}\drawfinalcell{-2.5}{-2.5}}\PRODUCEPAGE\def\drawarrows{\drawinit
ialcell{-2.5}{7.5}\drawfour{-2.5}{5.0}\drawnegthree{0.0}{5.0}\drawone{5.0}{7.5}
\drawfinalcell{7.5}{7.5}}\PRODUCEPAGE\def\drawarrows{\drawinitialcell{2.5}{7.5}
\drawnegone{0.0}{7.5}\drawfive{0.0}{5.0}\drawnegone{0.0}{2.5}\drawfinalcell{-2.
5}{2.5}}\PRODUCEPAGE\def\drawarrows{\drawinitialcell{2.5}{7.5}\drawnegone{0.0}{
7.5}\drawfour{-2.5}{5.0}\drawfour{-2.5}{0.0}\drawfinalcell{-2.5}{-2.5}}\PRODUCE
PAGE\def\drawarrows{\drawinitialcell{2.5}{7.5}\drawnegone{0.0}{7.5}\drawfour{-2
.5}{5.0}\drawnegfive{-5.0}{5.0}\drawfinalcell{-7.5}{7.5}}\PRODUCEPAGE\def\drawa
rrows{\drawinitialcell{2.5}{7.5}\drawfour{2.5}{5.0}\drawnegfive{0.0}{5.0}\drawf
our{-2.5}{5.0}\drawfinalcell{-2.5}{2.5}}\PRODUCEPAGE\def\drawarrows{\drawinitia
lcell{2.5}{7.5}\drawfour{2.5}{5.0}\drawfive{5.0}{0.0}\drawfinalcell{7.5}{-2.5}}
\PRODUCEPAGE\def\drawarrows{\drawinitialcell{2.5}{7.5}\drawfour{2.5}{5.0}\drawn
egone{0.0}{2.5}\drawfour{-2.5}{0.0}\drawfinalcell{-2.5}{-2.5}}\PRODUCEPAGE\def\
drawarrows{\drawinitialcell{2.5}{7.5}\drawfour{2.5}{5.0}\drawnegone{0.0}{2.5}\d
rawthree{-5.0}{0.0}\drawfinalcell{-7.5}{-2.5}}\PRODUCEPAGE\def\drawarrows{\draw
initialcell{2.5}{7.5}\drawthree{0.0}{5.0}\drawfour{-2.5}{0.0}\drawfour{-2.5}{-5
.0}\drawfinalcell{-2.5}{-7.5}}\PRODUCEPAGE\def\drawarrows{\drawinitialcell{7.5}
{-2.5}\drawnegfive{5.0}{0.0}\drawfour{2.5}{0.0}\drawnegone{0.0}{-2.5}\drawfinal
cell{-2.5}{-2.5}}\PRODUCEPAGE\def\drawarrows{\drawinitialcell{-7.5}{7.5}\drawon
e{-5.0}{7.5}\drawone{0.0}{7.5}\drawone{5.0}{7.5}\drawfinalcell{7.5}{7.5}}\PRODU
CEPAGE\def\drawarrows{\drawinitialcell{-7.5}{2.5}\drawnegthree{-5.0}{5.0}\drawf
ive{0.0}{5.0}\drawnegone{0.0}{2.5}\drawfinalcell{-2.5}{2.5}}\PRODUCEPAGE\def\dr
awarrows{\drawinitialcell{-7.5}{2.5}\drawnegthree{-5.0}{5.0}\drawfour{-2.5}{5.0
}\drawfour{-2.5}{0.0}\drawfinalcell{-2.5}{-2.5}}\PRODUCEPAGE\def\drawarrows{\dr
awinitialcell{-7.5}{2.5}\drawnegthree{-5.0}{5.0}\drawfour{-2.5}{5.0}\drawthree{
-5.0}{0.0}\drawfinalcell{-7.5}{-2.5}}\PRODUCEPAGE\def\drawarrows{\drawinitialce
ll{-7.5}{2.5}\drawfive{-5.0}{0.0}\drawnegfour{-2.5}{0.0}\drawone{0.0}{2.5}\draw
finalcell{2.5}{2.5}}\PRODUCEPAGE\def\drawarrows{\drawinitialcell{-7.5}{2.5}\dra
wfive{-5.0}{0.0}\drawnegone{-5.0}{-2.5}\drawfour{-7.5}{-5.0}\drawfinalcell{-7.5
}{-7.5}}\PRODUCEPAGE\def\drawarrows{\drawinitialcell{-7.5}{2.5}\drawnegfour{-7.
5}{5.0}\drawfive{-5.0}{5.0}\drawfour{-2.5}{0.0}\drawfinalcell{-2.5}{-2.5}}\PROD
UCEPAGE\def\drawarrows{\drawinitialcell{-7.5}{2.5}\drawone{-5.0}{2.5}\drawnegfo
ur{-2.5}{5.0}\drawnegone{-5.0}{7.5}\drawfinalcell{-7.5}{7.5}}\PRODUCEPAGE\def\d
rawarrows{\drawinitialcell{-7.5}{2.5}\drawone{-5.0}{2.5}\drawfour{-2.5}{0.0}\dr
awfour{-2.5}{-5.0}\drawfinalcell{-2.5}{-7.5}}\PRODUCEPAGE\def\drawarrows{\drawi
nitialcell{-7.5}{2.5}\drawone{-5.0}{2.5}\drawnegfive{-5.0}{5.0}\drawone{-5.0}{7
.5}\drawfinalcell{-2.5}{7.5}}\PRODUCEPAGE\def\drawarrows{\drawinitialcell{-2.5}
{2.5}\drawnegfour{-2.5}{5.0}\drawthree{-5.0}{5.0}\drawfive{-5.0}{0.0}\drawfinal
cell{-2.5}{-2.5}}\PRODUCEPAGE\def\drawarrows{\drawinitialcell{-2.5}{2.5}\drawne
gfour{-2.5}{5.0}\drawthree{-5.0}{5.0}\drawfour{-7.5}{0.0}\drawfinalcell{-7.5}{-
2.5}}\PRODUCEPAGE\def\drawarrows{\drawinitialcell{-2.5}{2.5}\drawfour{-2.5}{0.0
}\drawnegthree{0.0}{0.0}\drawnegfour{2.5}{5.0}\drawfinalcell{2.5}{7.5}}\PRODUCE
PAGE\def\drawarrows{\drawinitialcell{-2.5}{2.5}\drawfour{-2.5}{0.0}\drawnegfive
{-5.0}{0.0}\drawnegfour{-7.5}{5.0}\drawfinalcell{-7.5}{7.5}}\PRODUCEPAGE\def\dr
awarrows{\drawinitialcell{-2.5}{2.5}\drawfour{-2.5}{0.0}\drawnegfive{-5.0}{0.0}
\drawfour{-7.5}{0.0}\drawfinalcell{-7.5}{-2.5}}\PRODUCEPAGE\def\drawarrows{\dra
winitialcell{-2.5}{2.5}\drawone{0.0}{2.5}\drawnegfour{2.5}{5.0}\drawone{5.0}{7.
5}\drawfinalcell{7.5}{7.5}}\PRODUCEPAGE\def\drawarrows{\drawinitialcell{-2.5}{2
.5}\drawnegfive{-5.0}{5.0}\drawfour{-7.5}{5.0}\drawfive{-5.0}{0.0}\drawfinalcel
l{-2.5}{-2.5}}\PRODUCEPAGE\def\drawarrows{\drawinitialcell{-7.5}{-2.5}\drawnegf
our{-7.5}{0.0}\drawnegthree{-5.0}{5.0}\drawfour{-2.5}{5.0}\drawfinalcell{-2.5}{
2.5}}\PRODUCEPAGE\def\drawarrows{\drawinitialcell{-2.5}{7.5}\drawfive{0.0}{5.0}
\drawnegone{0.0}{2.5}\drawfive{0.0}{0.0}\drawfinalcell{2.5}{-2.5}}\PRODUCEPAGE\
def\drawarrows{\drawinitialcell{-2.5}{7.5}\drawthree{-5.0}{5.0}\drawfive{-5.0}{
0.0}\drawfinalcell{-2.5}{-2.5}}\PRODUCEPAGE\def\drawarrows{\drawinitialcell{-2.
5}{7.5}\drawfour{-2.5}{5.0}\drawnegthree{0.0}{5.0}\drawfinalcell{2.5}{7.5}}\PRO
DUCEPAGE\def\drawarrows{\drawinitialcell{2.5}{7.5}\drawnegone{0.0}{7.5}\drawfou
r{-2.5}{5.0}\drawfinalcell{-2.5}{2.5}}\PRODUCEPAGE\def\drawarrows{\drawinitialc
ell{2.5}{7.5}\drawfour{2.5}{5.0}\drawthree{0.0}{0.0}\drawfinalcell{-2.5}{-2.5}}
\PRODUCEPAGE\def\drawarrows{\drawinitialcell{2.5}{7.5}\drawfour{2.5}{5.0}\drawn
egone{0.0}{2.5}\drawfinalcell{-2.5}{2.5}}\PRODUCEPAGE\def\drawarrows{\drawiniti
alcell{2.5}{7.5}\drawthree{0.0}{5.0}\drawnegfive{-5.0}{5.0}\drawfinalcell{-7.5}
{7.5}}\PRODUCEPAGE\def\drawarrows{\drawinitialcell{2.5}{2.5}\drawnegfour{2.5}{5
.0}\drawone{5.0}{7.5}\drawfinalcell{7.5}{7.5}}\PRODUCEPAGE\def\drawarrows{\draw
initialcell{7.5}{-2.5}\drawnegfive{5.0}{0.0}\drawfour{2.5}{0.0}\drawfinalcell{2
.5}{-2.5}}\PRODUCEPAGE\def\drawarrows{\drawinitialcell{-7.5}{7.5}\drawone{-5.0}
{7.5}\drawone{0.0}{7.5}\drawfinalcell{2.5}{7.5}}\PRODUCEPAGE\def\drawarrows{\dr
awinitialcell{-7.5}{7.5}\drawfour{-7.5}{5.0}\drawfive{-5.0}{0.0}\drawfinalcell{
-2.5}{-2.5}}\PRODUCEPAGE\def\drawarrows{\drawinitialcell{-7.5}{7.5}\drawfour{-7
.5}{5.0}\drawfour{-7.5}{0.0}\drawfinalcell{-7.5}{-2.5}}\PRODUCEPAGE\def\drawarr
ows{\drawinitialcell{-7.5}{2.5}\drawnegthree{-5.0}{5.0}\drawfour{-2.5}{5.0}\dra
wfinalcell{-2.5}{2.5}}\PRODUCEPAGE\def\drawarrows{\drawinitialcell{-7.5}{2.5}\d
rawfive{-5.0}{0.0}\drawfour{-2.5}{-5.0}\drawfinalcell{-2.5}{-7.5}}\PRODUCEPAGE\
def\drawarrows{\drawinitialcell{-7.5}{2.5}\drawfive{-5.0}{0.0}\drawnegfour{-2.5
}{0.0}\drawfinalcell{-2.5}{2.5}}\PRODUCEPAGE\def\drawarrows{\drawinitialcell{-7
.5}{2.5}\drawone{-5.0}{2.5}\drawnegfive{-5.0}{5.0}\drawfinalcell{-7.5}{7.5}}\PR
ODUCEPAGE\def\drawarrows{\drawinitialcell{-2.5}{2.5}\drawnegfour{-2.5}{5.0}\dra
wthree{-5.0}{5.0}\drawfinalcell{-7.5}{2.5}}\PRODUCEPAGE\def\drawarrows{\drawini
tialcell{-2.5}{2.5}\drawfour{-2.5}{0.0}\drawnegfive{-5.0}{0.0}\drawfinalcell{-7
.5}{2.5}}\PRODUCEPAGE\def\drawarrows{\drawinitialcell{-2.5}{2.5}\drawfour{-2.5}
{0.0}\drawone{0.0}{-2.5}\drawthree{0.0}{-5.0}\drawfinalcell{-2.5}{-7.5}}\PRODUC
EPAGE\def\drawarrows{\drawinitialcell{-2.5}{2.5}\drawone{0.0}{2.5}\drawnegfour{
2.5}{5.0}\drawfinalcell{2.5}{7.5}}\PRODUCEPAGE\def\drawarrows{\drawinitialcell{
-2.5}{2.5}\drawone{0.0}{2.5}\drawfour{2.5}{0.0}\drawnegone{0.0}{-2.5}\drawfinal
cell{-2.5}{-2.5}}\PRODUCEPAGE\def\drawarrows{\drawinitialcell{7.5}{7.5}\drawthr
ee{5.0}{5.0}\drawfour{2.5}{0.0}\drawnegone{0.0}{-2.5}\drawfinalcell{-2.5}{-2.5}
}\PRODUCEPAGE\def\drawarrows{\drawinitialcell{-7.5}{-2.5}\drawnegfour{-7.5}{0.0
}\drawnegthree{-5.0}{5.0}\drawfinalcell{-2.5}{7.5}}\PRODUCEPAGE\def\drawarrows{
\drawinitialcell{2.5}{-2.5}\drawnegfour{2.5}{0.0}\drawthree{0.0}{0.0}\drawnegfo
ur{-2.5}{0.0}\drawfinalcell{-2.5}{2.5}}\PRODUCEPAGE\def\drawarrows{\drawinitial
cell{2.5}{-2.5}\drawnegfour{2.5}{0.0}\drawfive{5.0}{0.0}\drawfinalcell{7.5}{-2.
5}}\PRODUCEPAGE\def\drawarrows{\drawinitialcell{2.5}{-2.5}\drawnegfour{2.5}{0.0
}\drawnegone{0.0}{2.5}\drawfour{-2.5}{0.0}\drawfinalcell{-2.5}{-2.5}}\PRODUCEPA
GE\def\drawarrows{\drawinitialcell{2.5}{-2.5}\drawnegfour{2.5}{0.0}\drawnegone{
0.0}{2.5}\drawnegfive{-5.0}{5.0}\drawfinalcell{-7.5}{7.5}}\PRODUCEPAGE\def\draw
arrows{\drawinitialcell{2.5}{-2.5}\drawnegfive{0.0}{0.0}\drawfour{-2.5}{0.0}\dr
awfour{-2.5}{-5.0}\drawfinalcell{-2.5}{-7.5}}\PRODUCEPAGE\def\drawarrows{\drawi
nitialcell{-2.5}{7.5}\drawfive{0.0}{5.0}\drawfour{2.5}{0.0}\drawfinalcell{2.5}{
-2.5}}\PRODUCEPAGE\def\drawarrows{\drawinitialcell{-2.5}{7.5}\drawfour{-2.5}{5.
0}\drawfive{0.0}{0.0}\drawfinalcell{2.5}{-2.5}}\PRODUCEPAGE\def\drawarrows{\dra
winitialcell{-7.5}{7.5}\drawfive{-5.0}{5.0}\drawfive{0.0}{0.0}\drawfinalcell{2.
5}{-2.5}}\PRODUCEPAGE\def\drawarrows{\drawinitialcell{-2.5}{2.5}\drawnegfour{-2
.5}{5.0}\drawfive{0.0}{5.0}\drawfive{5.0}{0.0}\drawfinalcell{7.5}{-2.5}}\PRODUC
EPAGE\def\drawarrows{\drawinitialcell{-2.5}{2.5}\drawfour{-2.5}{0.0}\drawnegthr
ee{0.0}{0.0}\drawfive{5.0}{0.0}\drawfinalcell{7.5}{-2.5}}\PRODUCEPAGE\def\drawa
rrows{\drawinitialcell{-2.5}{2.5}\drawfour{-2.5}{0.0}\drawone{0.0}{-2.5}\drawfi
nalcell{2.5}{-2.5}}\PRODUCEPAGE\def\drawarrows{\drawinitialcell{7.5}{7.5}\drawt
hree{5.0}{5.0}\drawfour{2.5}{0.0}\drawfinalcell{2.5}{-2.5}}\PRODUCEPAGE\def\dra
warrows{\drawinitialcell{2.5}{-2.5}\drawnegone{0.0}{-2.5}\drawfour{-2.5}{-5.0}\
drawfinalcell{-2.5}{-7.5}}\PRODUCEPAGE\def\drawarrows{\drawinitialcell{2.5}{-2.
5}\drawnegfour{2.5}{0.0}\drawthree{0.0}{0.0}\drawfinalcell{-2.5}{-2.5}}\PRODUCE
PAGE\def\drawarrows{\drawinitialcell{2.5}{-2.5}\drawnegfour{2.5}{0.0}\drawnegth
ree{5.0}{5.0}\drawfinalcell{7.5}{7.5}}\PRODUCEPAGE\def\drawarrows{\drawinitialc
ell{-2.5}{7.5}\drawfive{0.0}{5.0}\drawfive{5.0}{0.0}\drawfinalcell{7.5}{-2.5}}\
PRODUCEPAGE\def\drawarrows{\drawinitialcell{-2.5}{7.5}\drawfive{0.0}{5.0}\drawn
egone{0.0}{2.5}\drawthree{-5.0}{0.0}\drawfinalcell{-7.5}{-2.5}}\PRODUCEPAGE\def
\drawarrows{\drawinitialcell{-2.5}{7.5}\drawfour{-2.5}{5.0}\drawthree{-5.0}{0.0
}\drawone{-5.0}{-2.5}\drawfinalcell{-2.5}{-2.5}}\PRODUCEPAGE\def\drawarrows{\dr
awinitialcell{-7.5}{7.5}\drawone{-5.0}{7.5}\drawfour{-2.5}{5.0}\drawthree{-5.0}
{0.0}\drawfinalcell{-7.5}{-2.5}}\PRODUCEPAGE\def\drawarrows{\drawinitialcell{-2
.5}{2.5}\drawfour{-2.5}{0.0}\drawnegthree{0.0}{0.0}\drawnegthree{5.0}{5.0}\draw
finalcell{7.5}{7.5}}\PRODUCEPAGE\def\drawarrows{\drawinitialcell{-2.5}{2.5}\dra
wone{0.0}{2.5}\drawfive{5.0}{0.0}\drawfinalcell{7.5}{-2.5}}\PRODUCEPAGE\def\dra
warrows{\drawinitialcell{7.5}{7.5}\drawthree{5.0}{5.0}\drawfive{5.0}{0.0}\drawf
inalcell{7.5}{-2.5}}\PRODUCEPAGE\def\drawarrows{\drawinitialcell{7.5}{7.5}\draw
three{5.0}{5.0}\drawnegone{0.0}{2.5}\drawfour{-2.5}{0.0}\drawfinalcell{-2.5}{-2
.5}}\PRODUCEPAGE\def\drawarrows{\drawinitialcell{7.5}{7.5}\drawthree{5.0}{5.0}\
drawnegone{0.0}{2.5}\drawthree{-5.0}{0.0}\drawfinalcell{-7.5}{-2.5}}\PRODUCEPAG
E\def\drawarrows{\drawinitialcell{-7.5}{-2.5}\drawnegthree{-5.0}{0.0}\drawone{0
.0}{2.5}\drawnegthree{5.0}{5.0}\drawfinalcell{7.5}{7.5}}\PRODUCEPAGE\def\drawar
rows{\drawinitialcell{-2.5}{7.5}\drawfive{0.0}{5.0}\drawnegone{0.0}{2.5}\drawfi
nalcell{-2.5}{2.5}}\PRODUCEPAGE\def\drawarrows{\drawinitialcell{-2.5}{7.5}\draw
five{0.0}{5.0}\drawnegthree{5.0}{5.0}\drawfinalcell{7.5}{7.5}}\PRODUCEPAGE\def\
drawarrows{\drawinitialcell{-2.5}{7.5}\drawfour{-2.5}{5.0}\drawfour{-2.5}{0.0}\
drawfinalcell{-2.5}{-2.5}}\PRODUCEPAGE\def\drawarrows{\drawinitialcell{-2.5}{7.
5}\drawfour{-2.5}{5.0}\drawthree{-5.0}{0.0}\drawfinalcell{-7.5}{-2.5}}\PRODUCEP
AGE\def\drawarrows{\drawinitialcell{-2.5}{-2.5}\drawnegfour{-2.5}{0.0}\drawnegf
our{-2.5}{5.0}\drawfinalcell{-2.5}{7.5}}\PRODUCEPAGE\def\drawarrows{\drawinitia
lcell{-2.5}{-2.5}\drawnegfour{-2.5}{0.0}\drawthree{-5.0}{0.0}\drawfinalcell{-7.
5}{-2.5}}\PRODUCEPAGE\def\drawarrows{\drawinitialcell{-2.5}{-2.5}\drawfive{0.0}
{-5.0}\drawfinalcell{2.5}{-7.5}}\PRODUCEPAGE\def\drawarrows{\drawinitialcell{2.
5}{2.5}\drawnegone{0.0}{2.5}\drawfour{-2.5}{0.0}\drawfinalcell{-2.5}{-2.5}}\PRO
DUCEPAGE\def\drawarrows{\drawinitialcell{-7.5}{7.5}\drawone{-5.0}{7.5}\drawfour
{-2.5}{5.0}\drawfinalcell{-2.5}{2.5}}\PRODUCEPAGE\def\drawarrows{\drawinitialce
ll{-7.5}{7.5}\drawfive{-5.0}{5.0}\drawnegfour{-2.5}{5.0}\drawfinalcell{-2.5}{7.
5}}\PRODUCEPAGE\def\drawarrows{\drawinitialcell{-7.5}{7.5}\drawfive{-5.0}{5.0}\
drawfour{-2.5}{0.0}\drawfinalcell{-2.5}{-2.5}}\PRODUCEPAGE\def\drawarrows{\draw
initialcell{-7.5}{7.5}\drawfive{-5.0}{5.0}\drawthree{-5.0}{0.0}\drawfinalcell{-
7.5}{-2.5}}\PRODUCEPAGE\def\drawarrows{\drawinitialcell{-7.5}{-7.5}\drawnegfour
{-7.5}{-5.0}\drawone{-5.0}{-2.5}\drawfinalcell{-2.5}{-2.5}}\PRODUCEPAGE\def\dra
warrows{\drawinitialcell{-2.5}{2.5}\drawfour{-2.5}{0.0}\drawfour{-2.5}{-5.0}\dr
awfinalcell{-2.5}{-7.5}}\PRODUCEPAGE\def\drawarrows{\drawinitialcell{-2.5}{2.5}
\drawfour{-2.5}{0.0}\drawnegthree{0.0}{0.0}\drawfinalcell{2.5}{2.5}}\PRODUCEPAG
E\def\drawarrows{\drawinitialcell{-2.5}{2.5}\drawone{0.0}{2.5}\drawnegfive{0.0}
{5.0}\drawfinalcell{-2.5}{7.5}}\PRODUCEPAGE\def\drawarrows{\drawinitialcell{7.5
}{7.5}\drawthree{5.0}{5.0}\drawnegone{0.0}{2.5}\drawfinalcell{-2.5}{2.5}}\PRODU
CEPAGE\def\drawarrows{\drawinitialcell{-7.5}{-2.5}\drawnegthree{-5.0}{0.0}\draw
one{0.0}{2.5}\drawfinalcell{2.5}{2.5}}\PRODUCEPAGE\def\drawarrows{\drawinitialc
ell{-2.5}{7.5}\drawfive{0.0}{5.0}\drawfinalcell{2.5}{2.5}}\PRODUCEPAGE\def\draw
arrows{\drawinitialcell{-2.5}{7.5}\drawfour{-2.5}{5.0}\drawfinalcell{-2.5}{2.5}
}\PRODUCEPAGE\def\drawarrows{\drawinitialcell{-2.5}{-2.5}\drawnegfour{-2.5}{0.0
}\drawfinalcell{-2.5}{2.5}}\PRODUCEPAGE\def\drawarrows{\drawinitialcell{-2.5}{-
2.5}\drawone{0.0}{-2.5}\drawfinalcell{2.5}{-2.5}}\PRODUCEPAGE\def\drawarrows{\d
rawinitialcell{2.5}{7.5}\drawnegone{0.0}{7.5}\drawfinalcell{-2.5}{7.5}}\PRODUCE
PAGE\def\drawarrows{\drawinitialcell{2.5}{2.5}\drawnegfour{2.5}{5.0}\drawfinalc
ell{2.5}{7.5}}\PRODUCEPAGE\def\drawarrows{\drawinitialcell{2.5}{2.5}\drawfive{5
.0}{0.0}\drawfinalcell{7.5}{-2.5}}\PRODUCEPAGE\def\drawarrows{\drawinitialcell{
2.5}{2.5}\drawnegthree{5.0}{5.0}\drawfinalcell{7.5}{7.5}}\PRODUCEPAGE\def\drawa
rrows{\drawinitialcell{2.5}{2.5}\drawfour{2.5}{0.0}\drawfinalcell{2.5}{-2.5}}\P
RODUCEPAGE\def\drawarrows{\drawinitialcell{7.5}{2.5}\drawnegone{5.0}{2.5}\drawf
inalcell{2.5}{2.5}}\PRODUCEPAGE\def\drawarrows{\drawinitialcell{-7.5}{-7.5}\dra
wnegthree{-5.0}{-5.0}\drawfinalcell{-2.5}{-2.5}}\PRODUCEPAGE\def\drawarrows{\dr
awinitialcell{-7.5}{7.5}\drawfour{-7.5}{5.0}\drawfinalcell{-7.5}{2.5}}\PRODUCEP
AGE\def\drawarrows{\drawinitialcell{-7.5}{7.5}\drawfive{-5.0}{5.0}\drawfinalcel
l{-2.5}{2.5}}\PRODUCEPAGE\def\drawarrows{\drawinitialcell{-7.5}{-7.5}\drawnegfo
ur{-7.5}{-5.0}\drawfinalcell{-7.5}{-2.5}}\PRODUCEPAGE\def\drawarrows{\drawiniti
alcell{-7.5}{2.5}\drawnegthree{-5.0}{5.0}\drawfinalcell{-2.5}{7.5}}\PRODUCEPAGE
\def\drawarrows{\drawinitialcell{-7.5}{2.5}\drawfive{-5.0}{0.0}\drawfinalcell{-
2.5}{-2.5}}\PRODUCEPAGE\def\drawarrows{\drawinitialcell{-2.5}{2.5}\drawfour{-2.
5}{0.0}\drawfinalcell{-2.5}{-2.5}}\PRODUCEPAGE\def\drawarrows{\drawinitialcell{
7.5}{7.5}\drawthree{5.0}{5.0}\drawfinalcell{2.5}{2.5}}\PRODUCEPAGE\def\drawarro
ws{\drawinitialcell{-7.5}{-2.5}\drawfour{-7.5}{-5.0}\drawfinalcell{-7.5}{-7.5}}
\PRODUCEPAGE\def\drawarrows{\drawinitialcell{2.5}{-2.5}\drawnegfour{2.5}{0.0}\d
rawfinalcell{2.5}{2.5}}\PRODUCEPAGE}\input{boilerplate}
(./boilerplate.tex (/usr/share/texmf-dist/tex/latex/base/article.cls
Document Class: article 2007/10/19 v1.4h Standard LaTeX document class
(/usr/share/texmf-dist/tex/latex/base/size10.clo
File: size10.clo 2007/10/19 v1.4h Standard LaTeX file (size option)
)
\c@part=\count79
\c@section=\count80
\c@subsection=\count81
\c@subsubsection=\count82
\c@paragraph=\count83
\c@subparagraph=\count84
\c@figure=\count85
\c@table=\count86
\abovecaptionskip=\skip41
\belowcaptionskip=\skip42
\bibindent=\dimen102
)
(/usr/share/texmf-dist/tex/latex/geometry/geometry.sty
Package: geometry 2010/09/12 v5.6 Page Geometry

(/usr/share/texmf-dist/tex/latex/graphics/keyval.sty
Package: keyval 1999/03/16 v1.13 key=value parser (DPC)
\KV@toks@=\toks14
)
(/usr/share/texmf-dist/tex/generic/oberdiek/ifpdf.sty
Package: ifpdf 2011/01/30 v2.3 Provides the ifpdf switch (HO)
Package ifpdf Info: pdfTeX in PDF mode is detected.
)
(/usr/share/texmf-dist/tex/generic/oberdiek/ifvtex.sty
Package: ifvtex 2010/03/01 v1.5 Detect VTeX and its facilities (HO)
Package ifvtex Info: VTeX not detected.
)
(/usr/share/texmf-dist/tex/generic/ifxetex/ifxetex.sty
Package: ifxetex 2010/09/12 v0.6 Provides ifxetex conditional
)
\Gm@cnth=\count87
\Gm@cntv=\count88
\c@Gm@tempcnt=\count89
\Gm@bindingoffset=\dimen103
\Gm@wd@mp=\dimen104
\Gm@odd@mp=\dimen105
\Gm@even@mp=\dimen106
\Gm@layoutwidth=\dimen107
\Gm@layoutheight=\dimen108
\Gm@layouthoffset=\dimen109
\Gm@layoutvoffset=\dimen110
\Gm@dimlist=\toks15
)
(/usr/share/texmf-dist/tex/latex/nopageno/nopageno.sty
Package: nopageno 1989/01/01 no page numbers (DPC)
)
(/usr/share/texmf-dist/tex/latex/base/ifthen.sty
Package: ifthen 2001/05/26 v1.1c Standard LaTeX ifthen package (DPC)
)
(/usr/share/texmf-dist/tex/latex/pgf/frontendlayer/tikz.sty
(/usr/share/texmf-dist/tex/latex/pgf/basiclayer/pgf.sty
(/usr/share/texmf-dist/tex/latex/pgf/utilities/pgfrcs.sty
(/usr/share/texmf-dist/tex/generic/pgf/utilities/pgfutil-common.tex
\pgfutil@everybye=\toks16
)
(/usr/share/texmf-dist/tex/generic/pgf/utilities/pgfutil-latex.def
\pgfutil@abb=\box26

(/usr/share/texmf-dist/tex/latex/ms/everyshi.sty
Package: everyshi 2001/05/15 v3.00 EveryShipout Package (MS)
))
(/usr/share/texmf-dist/tex/generic/pgf/utilities/pgfrcs.code.tex
Package: pgfrcs 2010/10/25 v2.10 (rcs-revision 1.24)
))
Package: pgf 2008/01/15 v2.10 (rcs-revision 1.12)

(/usr/share/texmf-dist/tex/latex/pgf/basiclayer/pgfcore.sty
(/usr/share/texmf-dist/tex/latex/graphics/graphicx.sty
Package: graphicx 1999/02/16 v1.0f Enhanced LaTeX Graphics (DPC,SPQR)

(/usr/share/texmf-dist/tex/latex/graphics/graphics.sty
Package: graphics 2009/02/05 v1.0o Standard LaTeX Graphics (DPC,SPQR)

(/usr/share/texmf-dist/tex/latex/graphics/trig.sty
Package: trig 1999/03/16 v1.09 sin cos tan (DPC)
)
(/usr/share/texmf-dist/tex/latex/latexconfig/graphics.cfg
File: graphics.cfg 2010/04/23 v1.9 graphics configuration of TeX Live
)
Package graphics Info: Driver file: pdftex.def on input line 91.

(/usr/share/texmf-dist/tex/latex/pdftex-def/pdftex.def
File: pdftex.def 2011/05/27 v0.06d Graphics/color for pdfTeX

(/usr/share/texmf-dist/tex/generic/oberdiek/infwarerr.sty
Package: infwarerr 2010/04/08 v1.3 Providing info/warning/error messages (HO)
)
(/usr/share/texmf-dist/tex/generic/oberdiek/ltxcmds.sty
Package: ltxcmds 2011/11/09 v1.22 LaTeX kernel commands for general use (HO)
)
\Gread@gobject=\count90
))
\Gin@req@height=\dimen111
\Gin@req@width=\dimen112
)
(/usr/share/texmf-dist/tex/latex/pgf/systemlayer/pgfsys.sty
(/usr/share/texmf-dist/tex/generic/pgf/systemlayer/pgfsys.code.tex
Package: pgfsys 2010/06/30 v2.10 (rcs-revision 1.37)

(/usr/share/texmf-dist/tex/generic/pgf/utilities/pgfkeys.code.tex
\pgfkeys@pathtoks=\toks17
\pgfkeys@temptoks=\toks18

(/usr/share/texmf-dist/tex/generic/pgf/utilities/pgfkeysfiltered.code.tex
\pgfkeys@tmptoks=\toks19
))
\pgf@x=\dimen113
\pgf@y=\dimen114
\pgf@xa=\dimen115
\pgf@ya=\dimen116
\pgf@xb=\dimen117
\pgf@yb=\dimen118
\pgf@xc=\dimen119
\pgf@yc=\dimen120
\w@pgf@writea=\write3
\r@pgf@reada=\read1
\c@pgf@counta=\count91
\c@pgf@countb=\count92
\c@pgf@countc=\count93
\c@pgf@countd=\count94

(/usr/share/texmf-dist/tex/generic/pgf/systemlayer/pgf.cfg
File: pgf.cfg 2008/05/14  (rcs-revision 1.7)
)
Package pgfsys Info: Driver file for pgf: pgfsys-pdftex.def on input line 900.

(/usr/share/texmf-dist/tex/generic/pgf/systemlayer/pgfsys-pdftex.def
File: pgfsys-pdftex.def 2009/05/22  (rcs-revision 1.26)

(/usr/share/texmf-dist/tex/generic/pgf/systemlayer/pgfsys-common-pdf.def
File: pgfsys-common-pdf.def 2008/05/19  (rcs-revision 1.10)
)))
(/usr/share/texmf-dist/tex/generic/pgf/systemlayer/pgfsyssoftpath.code.tex
File: pgfsyssoftpath.code.tex 2008/07/18  (rcs-revision 1.7)
\pgfsyssoftpath@smallbuffer@items=\count95
\pgfsyssoftpath@bigbuffer@items=\count96
)
(/usr/share/texmf-dist/tex/generic/pgf/systemlayer/pgfsysprotocol.code.tex
File: pgfsysprotocol.code.tex 2006/10/16  (rcs-revision 1.4)
))
(/usr/share/texmf-dist/tex/latex/xcolor/xcolor.sty
Package: xcolor 2007/01/21 v2.11 LaTeX color extensions (UK)

(/usr/share/texmf-dist/tex/latex/latexconfig/color.cfg
File: color.cfg 2007/01/18 v1.5 color configuration of teTeX/TeXLive
)
Package xcolor Info: Driver file: pdftex.def on input line 225.
Package xcolor Info: Model `cmy' substituted by `cmy0' on input line 1337.
Package xcolor Info: Model `hsb' substituted by `rgb' on input line 1341.
Package xcolor Info: Model `RGB' extended on input line 1353.
Package xcolor Info: Model `HTML' substituted by `rgb' on input line 1355.
Package xcolor Info: Model `Hsb' substituted by `hsb' on input line 1356.
Package xcolor Info: Model `tHsb' substituted by `hsb' on input line 1357.
Package xcolor Info: Model `HSB' substituted by `hsb' on input line 1358.
Package xcolor Info: Model `Gray' substituted by `gray' on input line 1359.
Package xcolor Info: Model `wave' substituted by `hsb' on input line 1360.
)
(/usr/share/texmf-dist/tex/generic/pgf/basiclayer/pgfcore.code.tex
Package: pgfcore 2010/04/11 v2.10 (rcs-revision 1.7)

(/usr/share/texmf-dist/tex/generic/pgf/math/pgfmath.code.tex
(/usr/share/texmf-dist/tex/generic/pgf/math/pgfmathcalc.code.tex
(/usr/share/texmf-dist/tex/generic/pgf/math/pgfmathutil.code.tex)
(/usr/share/texmf-dist/tex/generic/pgf/math/pgfmathparser.code.tex
\pgfmath@dimen=\dimen121
\pgfmath@count=\count97
\pgfmath@box=\box27
\pgfmath@toks=\toks20
\pgfmath@stack@operand=\toks21
\pgfmath@stack@operation=\toks22
)
(/usr/share/texmf-dist/tex/generic/pgf/math/pgfmathfunctions.code.tex
(/usr/share/texmf-dist/tex/generic/pgf/math/pgfmathfunctions.basic.code.tex)
(/usr/share/texmf-dist/tex/generic/pgf/math/pgfmathfunctions.trigonometric.code
.tex)
(/usr/share/texmf-dist/tex/generic/pgf/math/pgfmathfunctions.random.code.tex)
(/usr/share/texmf-dist/tex/generic/pgf/math/pgfmathfunctions.comparison.code.te
x) (/usr/share/texmf-dist/tex/generic/pgf/math/pgfmathfunctions.base.code.tex)
(/usr/share/texmf-dist/tex/generic/pgf/math/pgfmathfunctions.round.code.tex)
(/usr/share/texmf-dist/tex/generic/pgf/math/pgfmathfunctions.misc.code.tex)))
(/usr/share/texmf-dist/tex/generic/pgf/math/pgfmathfloat.code.tex
\c@pgfmathroundto@lastzeros=\count98
))
(/usr/share/texmf-dist/tex/generic/pgf/basiclayer/pgfcorepoints.code.tex
File: pgfcorepoints.code.tex 2010/04/09  (rcs-revision 1.20)
\pgf@picminx=\dimen122
\pgf@picmaxx=\dimen123
\pgf@picminy=\dimen124
\pgf@picmaxy=\dimen125
\pgf@pathminx=\dimen126
\pgf@pathmaxx=\dimen127
\pgf@pathminy=\dimen128
\pgf@pathmaxy=\dimen129
\pgf@xx=\dimen130
\pgf@xy=\dimen131
\pgf@yx=\dimen132
\pgf@yy=\dimen133
\pgf@zx=\dimen134
\pgf@zy=\dimen135
)
(/usr/share/texmf-dist/tex/generic/pgf/basiclayer/pgfcorepathconstruct.code.tex
File: pgfcorepathconstruct.code.tex 2010/08/03  (rcs-revision 1.24)
\pgf@path@lastx=\dimen136
\pgf@path@lasty=\dimen137
) (/usr/share/texmf-dist/tex/generic/pgf/basiclayer/pgfcorepathusage.code.tex
File: pgfcorepathusage.code.tex 2008/04/22  (rcs-revision 1.12)
\pgf@shorten@end@additional=\dimen138
\pgf@shorten@start@additional=\dimen139
)
(/usr/share/texmf-dist/tex/generic/pgf/basiclayer/pgfcorescopes.code.tex
File: pgfcorescopes.code.tex 2010/09/08  (rcs-revision 1.34)
\pgfpic=\box28
\pgf@hbox=\box29
\pgf@layerbox@main=\box30
\pgf@picture@serial@count=\count99
)
(/usr/share/texmf-dist/tex/generic/pgf/basiclayer/pgfcoregraphicstate.code.tex
File: pgfcoregraphicstate.code.tex 2008/04/22  (rcs-revision 1.9)
\pgflinewidth=\dimen140
)
(/usr/share/texmf-dist/tex/generic/pgf/basiclayer/pgfcoretransformations.code.t
ex
File: pgfcoretransformations.code.tex 2009/06/10  (rcs-revision 1.11)
\pgf@pt@x=\dimen141
\pgf@pt@y=\dimen142
\pgf@pt@temp=\dimen143
) (/usr/share/texmf-dist/tex/generic/pgf/basiclayer/pgfcorequick.code.tex
File: pgfcorequick.code.tex 2008/10/09  (rcs-revision 1.3)
)
(/usr/share/texmf-dist/tex/generic/pgf/basiclayer/pgfcoreobjects.code.tex
File: pgfcoreobjects.code.tex 2006/10/11  (rcs-revision 1.2)
)
(/usr/share/texmf-dist/tex/generic/pgf/basiclayer/pgfcorepathprocessing.code.te
x
File: pgfcorepathprocessing.code.tex 2008/10/09  (rcs-revision 1.8)
) (/usr/share/texmf-dist/tex/generic/pgf/basiclayer/pgfcorearrows.code.tex
File: pgfcorearrows.code.tex 2008/04/23  (rcs-revision 1.11)
)
(/usr/share/texmf-dist/tex/generic/pgf/basiclayer/pgfcoreshade.code.tex
File: pgfcoreshade.code.tex 2008/11/23  (rcs-revision 1.13)
\pgf@max=\dimen144
\pgf@sys@shading@range@num=\count100
)
(/usr/share/texmf-dist/tex/generic/pgf/basiclayer/pgfcoreimage.code.tex
File: pgfcoreimage.code.tex 2010/03/25  (rcs-revision 1.16)

(/usr/share/texmf-dist/tex/generic/pgf/basiclayer/pgfcoreexternal.code.tex
File: pgfcoreexternal.code.tex 2010/09/01  (rcs-revision 1.17)
\pgfexternal@startupbox=\box31
))
(/usr/share/texmf-dist/tex/generic/pgf/basiclayer/pgfcorelayers.code.tex
File: pgfcorelayers.code.tex 2010/08/27  (rcs-revision 1.2)
)
(/usr/share/texmf-dist/tex/generic/pgf/basiclayer/pgfcoretransparency.code.tex
File: pgfcoretransparency.code.tex 2008/01/17  (rcs-revision 1.2)
) (/usr/share/texmf-dist/tex/generic/pgf/basiclayer/pgfcorepatterns.code.tex
File: pgfcorepatterns.code.tex 2009/07/02  (rcs-revision 1.3)
)))
(/usr/share/texmf-dist/tex/generic/pgf/modules/pgfmoduleshapes.code.tex
File: pgfmoduleshapes.code.tex 2010/09/09  (rcs-revision 1.13)
\pgfnodeparttextbox=\box32
)
(/usr/share/texmf-dist/tex/generic/pgf/modules/pgfmoduleplot.code.tex
File: pgfmoduleplot.code.tex 2010/10/22  (rcs-revision 1.8)
)
(/usr/share/texmf-dist/tex/latex/pgf/compatibility/pgfcomp-version-0-65.sty
Package: pgfcomp-version-0-65 2007/07/03 v2.10 (rcs-revision 1.7)
\pgf@nodesepstart=\dimen145
\pgf@nodesepend=\dimen146
)
(/usr/share/texmf-dist/tex/latex/pgf/compatibility/pgfcomp-version-1-18.sty
Package: pgfcomp-version-1-18 2007/07/23 v2.10 (rcs-revision 1.1)
))
(/usr/share/texmf-dist/tex/latex/pgf/utilities/pgffor.sty
(/usr/share/texmf-dist/tex/latex/pgf/utilities/pgfkeys.sty
(/usr/share/texmf-dist/tex/generic/pgf/utilities/pgfkeys.code.tex))
(/usr/share/texmf-dist/tex/generic/pgf/utilities/pgffor.code.tex
Package: pgffor 2010/03/23 v2.10 (rcs-revision 1.18)
\pgffor@iter=\dimen147
\pgffor@skip=\dimen148
\pgffor@stack=\toks23
\pgffor@toks=\toks24
))
(/usr/share/texmf-dist/tex/generic/pgf/frontendlayer/tikz/tikz.code.tex
Package: tikz 2010/10/13 v2.10 (rcs-revision 1.76)

(/usr/share/texmf-dist/tex/generic/pgf/libraries/pgflibraryplothandlers.code.te
x
File: pgflibraryplothandlers.code.tex 2010/05/31 v2.10 (rcs-revision 1.15)
\pgf@plot@mark@count=\count101
\pgfplotmarksize=\dimen149
)
\tikz@lastx=\dimen150
\tikz@lasty=\dimen151
\tikz@lastxsaved=\dimen152
\tikz@lastysaved=\dimen153
\tikzleveldistance=\dimen154
\tikzsiblingdistance=\dimen155
\tikz@figbox=\box33
\tikz@tempbox=\box34
\tikztreelevel=\count102
\tikznumberofchildren=\count103
\tikznumberofcurrentchild=\count104
\tikz@fig@count=\count105
 (/usr/share/texmf-dist/tex/generic/pgf/modules/pgfmodulematrix.code.tex
File: pgfmodulematrix.code.tex 2010/08/24  (rcs-revision 1.4)
\pgfmatrixcurrentrow=\count106
\pgfmatrixcurrentcolumn=\count107
\pgf@matrix@numberofcolumns=\count108
)
\tikz@expandcount=\count109

(/usr/share/texmf-dist/tex/generic/pgf/frontendlayer/tikz/libraries/tikzlibrary
topaths.code.tex
File: tikzlibrarytopaths.code.tex 2008/06/17 v2.10 (rcs-revision 1.2)
))) (/usr/share/texmf-dist/tex/latex/base/fix-cm.sty
Package: fix-cm 2006/09/13 v1.1m fixes to LaTeX

(/usr/share/texmf-dist/tex/latex/base/ts1enc.def
File: ts1enc.def 2001/06/05 v3.0e (jk/car/fm) Standard LaTeX file
))
\c@boardindex=\count110
 (./boilerplate.aux)
\openout1 = `boilerplate.aux'.

LaTeX Font Info:    Checking defaults for OML/cmm/m/it on input line 77.
LaTeX Font Info:    ... okay on input line 77.
LaTeX Font Info:    Checking defaults for T1/cmr/m/n on input line 77.
LaTeX Font Info:    ... okay on input line 77.
LaTeX Font Info:    Checking defaults for OT1/cmr/m/n on input line 77.
LaTeX Font Info:    ... okay on input line 77.
LaTeX Font Info:    Checking defaults for OMS/cmsy/m/n on input line 77.
LaTeX Font Info:    ... okay on input line 77.
LaTeX Font Info:    Checking defaults for OMX/cmex/m/n on input line 77.
LaTeX Font Info:    ... okay on input line 77.
LaTeX Font Info:    Checking defaults for U/cmr/m/n on input line 77.
LaTeX Font Info:    ... okay on input line 77.
LaTeX Font Info:    Checking defaults for TS1/cmr/m/n on input line 77.
LaTeX Font Info:    ... okay on input line 77.

*geometry* driver: auto-detecting
*geometry* detected driver: pdftex
*geometry* verbose mode - [ preamble ] result:
* driver: pdftex
* paper: custom
* layout: <same size as paper>
* layoutoffset:(h,v)=(0.0pt,0.0pt)
* modes: landscape 
* h-part:(L,W,R)=(0.0pt, 597.50787pt, 0.0pt)
* v-part:(T,H,B)=(0.0pt, 597.50787pt, 0.0pt)
* \paperwidth=597.50787pt
* \paperheight=597.50787pt
* \textwidth=597.50787pt
* \textheight=597.50787pt
* \oddsidemargin=-72.26999pt
* \evensidemargin=-72.26999pt
* \topmargin=-109.26999pt
* \headheight=12.0pt
* \headsep=25.0pt
* \topskip=10.0pt
* \footskip=30.0pt
* \marginparwidth=65.0pt
* \marginparsep=11.0pt
* \columnsep=10.0pt
* \skip\footins=9.0pt plus 4.0pt minus 2.0pt
* \hoffset=0.0pt
* \voffset=0.0pt
* \mag=1000
* \@twocolumnfalse
* \@twosidefalse
* \@mparswitchfalse
* \@reversemarginfalse
* (1in=72.27pt=25.4mm, 1cm=28.453pt)

ABD: EveryShipout initializing macros
(/usr/share/texmf-dist/tex/context/base/supp-pdf.mkii
[Loading MPS to PDF converter (version 2006.09.02).]
\scratchcounter=\count111
\scratchdimen=\dimen156
\scratchbox=\box35
\nofMPsegments=\count112
\nofMParguments=\count113
\everyMPshowfont=\toks25
\MPscratchCnt=\count114
\MPscratchDim=\dimen157
\MPnumerator=\count115
\makeMPintoPDFobject=\count116
\everyMPtoPDFconversion=\toks26
) (/usr/share/texmf-dist/tex/generic/oberdiek/pdftexcmds.sty
Package: pdftexcmds 2011/11/29 v0.20 Utility functions of pdfTeX for LuaTeX (HO
)

(/usr/share/texmf-dist/tex/generic/oberdiek/ifluatex.sty
Package: ifluatex 2010/03/01 v1.3 Provides the ifluatex switch (HO)
Package ifluatex Info: LuaTeX not detected.
)
Package pdftexcmds Info: LuaTeX not detected.
Package pdftexcmds Info: \pdf@primitive is available.
Package pdftexcmds Info: \pdf@ifprimitive is available.
Package pdftexcmds Info: \pdfdraftmode found.
)
(/usr/share/texmf-dist/tex/latex/oberdiek/epstopdf-base.sty
Package: epstopdf-base 2010/02/09 v2.5 Base part for package epstopdf

(/usr/share/texmf-dist/tex/latex/oberdiek/grfext.sty
Package: grfext 2010/08/19 v1.1 Manage graphics extensions (HO)

(/usr/share/texmf-dist/tex/generic/oberdiek/kvdefinekeys.sty
Package: kvdefinekeys 2011/04/07 v1.3 Define keys (HO)
))
(/usr/share/texmf-dist/tex/latex/oberdiek/kvoptions.sty
Package: kvoptions 2011/06/30 v3.11 Key value format for package options (HO)

(/usr/share/texmf-dist/tex/generic/oberdiek/kvsetkeys.sty
Package: kvsetkeys 2012/04/25 v1.16 Key value parser (HO)

(/usr/share/texmf-dist/tex/generic/oberdiek/etexcmds.sty
Package: etexcmds 2011/02/16 v1.5 Avoid name clashes with e-TeX commands (HO)
Package etexcmds Info: Could not find \expanded.
(etexcmds)             That can mean that you are not using pdfTeX 1.50 or
(etexcmds)             that some package has redefined \expanded.
(etexcmds)             In the latter case, load this package earlier.
)))
Package grfext Info: Graphics extension search list:
(grfext)             [.png,.pdf,.jpg,.mps,.jpeg,.jbig2,.jb2,.PNG,.PDF,.JPG,.JPE
G,.JBIG2,.JB2,.eps]
(grfext)             \AppendGraphicsExtensions on input line 452.

(/usr/share/texmf-dist/tex/latex/latexconfig/epstopdf-sys.cfg
File: epstopdf-sys.cfg 2010/07/13 v1.3 Configuration of (r)epstopdf for TeX Liv
e
))
(./makeboard.tex
\gameboard=\box36
Missing character: There is no ; in font nullfont!
Missing character: There is no ; in font nullfont!
Missing character: There is no ; in font nullfont!
Missing character: There is no ; in font nullfont!
Missing character: There is no ; in font nullfont!
Missing character: There is no ; in font nullfont!
Missing character: There is no ; in font nullfont!
Missing character: There is no ; in font nullfont!
Missing character: There is no ; in font nullfont!
Missing character: There is no ; in font nullfont!
Missing character: There is no ; in font nullfont!
Missing character: There is no ; in font nullfont!
Missing character: There is no ; in font nullfont!
Missing character: There is no ; in font nullfont!
Missing character: There is no ; in font nullfont!
Missing character: There is no ; in font nullfont!
Missing character: There is no ; in font nullfont!
Missing character: There is no ; in font nullfont!
Missing character: There is no ; in font nullfont!
Missing character: There is no ; in font nullfont!
Missing character: There is no ; in font nullfont!
Missing character: There is no ; in font nullfont!
Missing character: There is no ; in font nullfont!
Missing character: There is no ; in font nullfont!
Missing character: There is no ; in font nullfont!
Missing character: There is no ; in font nullfont!
Missing character: There is no ; in font nullfont!
Missing character: There is no ; in font nullfont!
Missing character: There is no ; in font nullfont!
Missing character: There is no ; in font nullfont!
Missing character: There is no ; in font nullfont!
Missing character: There is no ; in font nullfont!
\negone=\box37
\one=\box38
\negthree=\box39
\three=\box40
\negfour=\box41
\four=\box42
\negfive=\box43
\five=\box44
\initcell=\box45
\finalcell=\box46
) (./drawboard.tex) (./drawboard.tex [1

{/var/lib/texmf/fonts/map/pdftex/updmap/pdftex.map}]) (./drawboard.tex [2]) (./
drawboard.tex [3])
(./drawboard.tex [4]) (./drawboard.tex [5]) (./drawboard.tex [6])
(./drawboard.tex [7]) (./drawboard.tex [8]) (./drawboard.tex [9])
(./drawboard.tex [10]) (./drawboard.tex [11]) (./drawboard.tex [12])
(./drawboard.tex [13]) (./drawboard.tex [14]) (./drawboard.tex [15])
(./drawboard.tex [16]) (./drawboard.tex [17]) (./drawboard.tex [18])
(./drawboard.tex [19]) (./drawboard.tex [20]) (./drawboard.tex [21])
(./drawboard.tex [22]) (./drawboard.tex [23]) (./drawboard.tex [24])
(./drawboard.tex [25]) (./drawboard.tex [26]) (./drawboard.tex [27])
(./drawboard.tex [28]) (./drawboard.tex [29]) (./drawboard.tex [30])
(./drawboard.tex [31]) (./drawboard.tex [32]) (./drawboard.tex [33])
(./drawboard.tex [34]) (./drawboard.tex [35]) (./drawboard.tex [36])
(./drawboard.tex [37]) (./drawboard.tex [38]) (./drawboard.tex [39])
(./drawboard.tex [40]) (./drawboard.tex [41]) (./drawboard.tex [42])
(./drawboard.tex [43]) (./drawboard.tex [44]) (./drawboard.tex [45])
(./drawboard.tex [46]) (./drawboard.tex [47]) (./drawboard.tex [48])
(./drawboard.tex [49]) (./drawboard.tex [50]) (./drawboard.tex [51])
(./drawboard.tex [52]) (./drawboard.tex [53]) (./drawboard.tex [54])
(./drawboard.tex [55]) (./drawboard.tex [56]) (./drawboard.tex [57])
(./drawboard.tex [58]) (./drawboard.tex [59]) (./drawboard.tex [60])
(./drawboard.tex [61]) (./drawboard.tex [62]) (./drawboard.tex [63])
(./drawboard.tex [64]) (./drawboard.tex [65]) (./drawboard.tex [66])
(./drawboard.tex [67]) (./drawboard.tex [68]) (./drawboard.tex [69])
(./drawboard.tex [70]) (./drawboard.tex [71]) (./drawboard.tex [72])
(./drawboard.tex [73]) (./drawboard.tex [74]) (./drawboard.tex [75])
(./drawboard.tex [76]) (./drawboard.tex [77]) (./drawboard.tex [78])
(./drawboard.tex [79]) (./drawboard.tex [80]) (./drawboard.tex [81])
(./drawboard.tex [82]) (./drawboard.tex [83]) (./drawboard.tex [84])
(./drawboard.tex [85]) (./drawboard.tex [86]) (./drawboard.tex [87])
(./drawboard.tex [88]) (./drawboard.tex [89]) (./drawboard.tex [90])
(./drawboard.tex [91]) (./drawboard.tex [92]) (./drawboard.tex [93])
(./drawboard.tex [94]) (./drawboard.tex [95]) (./drawboard.tex [96])
(./drawboard.tex [97]) (./drawboard.tex [98]) (./drawboard.tex [99])
(./drawboard.tex [100]) (./drawboard.tex [101]) (./drawboard.tex [102])
(./drawboard.tex [103]) (./drawboard.tex [104]) (./drawboard.tex [105])
(./drawboard.tex [106]) (./drawboard.tex [107]) (./drawboard.tex [108])
(./drawboard.tex [109]) (./drawboard.tex [110]) (./drawboard.tex [111])
(./drawboard.tex [112]) (./drawboard.tex [113]) (./drawboard.tex [114])
(./drawboard.tex [115]) (./drawboard.tex [116]) (./drawboard.tex [117])
(./drawboard.tex [118]) (./drawboard.tex [119]) (./drawboard.tex [120])
(./drawboard.tex [121]) (./drawboard.tex [122]) (./drawboard.tex [123])
(./drawboard.tex [124]) (./drawboard.tex [125]) (./drawboard.tex [126])
(./drawboard.tex [127]) (./drawboard.tex [128]) (./drawboard.tex [129])
(./drawboard.tex [130]) (./drawboard.tex [131]) (./drawboard.tex [132])
(./drawboard.tex [133]) (./drawboard.tex [134]) (./drawboard.tex [135])
(./drawboard.tex [136]) (./drawboard.tex [137]) (./drawboard.tex [138])
(./drawboard.tex [139]) (./drawboard.tex [140]) (./drawboard.tex [141])
(./drawboard.tex [142]) (./drawboard.tex [143]) (./drawboard.tex [144])
(./drawboard.tex [145]) (./drawboard.tex [146]) (./drawboard.tex [147])
(./drawboard.tex [148]) (./drawboard.tex [149]) (./drawboard.tex [150])
(./drawboard.tex [151]) (./drawboard.tex [152]) (./drawboard.tex [153])
(./drawboard.tex [154]) (./drawboard.tex [155]) (./drawboard.tex [156])
(./drawboard.tex [157]) (./drawboard.tex [158]) (./drawboard.tex [159])
(./drawboard.tex [160]) (./drawboard.tex [161]) (./drawboard.tex [162])
(./drawboard.tex [163]) (./drawboard.tex [164]) (./drawboard.tex [165])
(./drawboard.tex [166]) (./drawboard.tex [167]) (./drawboard.tex [168])
(./drawboard.tex [169]) (./drawboard.tex [170]) (./drawboard.tex [171])
(./drawboard.tex [172]) (./drawboard.tex [173]) (./drawboard.tex [174])
(./drawboard.tex [175]) (./drawboard.tex [176]) (./drawboard.tex [177])
(./drawboard.tex [178]) (./drawboard.tex [179]) (./drawboard.tex [180])
(./drawboard.tex [181]) (./drawboard.tex [182]) (./drawboard.tex [183])
(./drawboard.tex [184]) (./drawboard.tex [185]) (./drawboard.tex [186])
(./drawboard.tex [187]) (./drawboard.tex [188]) (./drawboard.tex [189])
(./drawboard.tex [190]) (./drawboard.tex [191]) (./drawboard.tex [192])
(./drawboard.tex [193]) (./drawboard.tex [194]) (./drawboard.tex [195])
(./drawboard.tex [196]) (./drawboard.tex [197]) (./drawboard.tex [198])
(./drawboard.tex [199]) (./drawboard.tex [200]) (./drawboard.tex [201])
(./drawboard.tex [202]) (./drawboard.tex [203]) (./drawboard.tex [204])
(./drawboard.tex [205]) (./drawboard.tex [206]) (./drawboard.tex [207])
(./drawboard.tex [208]) (./drawboard.tex [209]) (./drawboard.tex [210])
(./drawboard.tex [211]) (./drawboard.tex [212]) (./drawboard.tex [213])
(./drawboard.tex [214]) (./drawboard.tex [215]) (./drawboard.tex [216])
(./drawboard.tex [217]) (./drawboard.tex [218]) (./drawboard.tex [219])
(./drawboard.tex [220]) (./drawboard.tex [221]) (./drawboard.tex [222])
(./drawboard.tex [223]) (./drawboard.tex [224]) (./drawboard.tex [225])
(./drawboard.tex [226]) (./drawboard.tex [227]) (./drawboard.tex [228])
(./drawboard.tex [229]) (./drawboard.tex [230]) (./drawboard.tex [231])
(./drawboard.tex [232]) (./drawboard.tex [233]) (./drawboard.tex [234])
(./drawboard.tex [235]) (./drawboard.tex [236]) (./drawboard.tex [237])
(./drawboard.tex [238]) (./drawboard.tex [239]) (./drawboard.tex [240])
(./drawboard.tex [241]) (./drawboard.tex [242]) (./drawboard.tex [243])
(./drawboard.tex [244]) (./drawboard.tex [245]) (./drawboard.tex [246])
(./drawboard.tex [247]) (./drawboard.tex [248]) (./drawboard.tex [249])
(./drawboard.tex [250]) (./drawboard.tex [251]) (./drawboard.tex [252])
(./drawboard.tex [253]) (./drawboard.tex [254]) (./drawboard.tex [255])
(./drawboard.tex [256]) (./drawboard.tex [257]) (./drawboard.tex [258])
(./drawboard.tex [259]) (./drawboard.tex [260]) (./drawboard.tex [261])
(./drawboard.tex [262]) (./drawboard.tex [263]) (./drawboard.tex [264])
(./drawboard.tex [265]) (./drawboard.tex [266]) (./drawboard.tex [267])
(./drawboard.tex [268]) (./drawboard.tex [269]) (./drawboard.tex [270])
(./drawboard.tex [271]) (./drawboard.tex [272]) (./drawboard.tex [273])
(./drawboard.tex [274]) (./drawboard.tex [275]) (./drawboard.tex [276])
(./drawboard.tex [277]) (./drawboard.tex [278]) (./drawboard.tex [279])
(./drawboard.tex [280]) (./drawboard.tex [281]) (./drawboard.tex [282])
(./drawboard.tex [283]) (./drawboard.tex [284]) (./drawboard.tex [285])
(./drawboard.tex [286]) (./drawboard.tex [287]) (./drawboard.tex [288])
(./drawboard.tex [289]) (./drawboard.tex [290]) (./drawboard.tex [291])
(./drawboard.tex [292]) (./drawboard.tex [293]) (./drawboard.tex [294])
(./drawboard.tex [295]) (./drawboard.tex [296]) (./drawboard.tex [297])
(./drawboard.tex [298]) (./drawboard.tex [299]) (./drawboard.tex [300])
(./drawboard.tex [301]) (./drawboard.tex [302]) (./drawboard.tex [303])
(./drawboard.tex [304]) (./drawboard.tex [305]) (./drawboard.tex [306])
(./drawboard.tex [307]) (./drawboard.tex [308]) (./drawboard.tex [309])
(./drawboard.tex [310]) (./drawboard.tex [311]) (./drawboard.tex [312])
(./drawboard.tex [313]) (./drawboard.tex [314]) (./drawboard.tex [315])
(./drawboard.tex [316]) (./drawboard.tex [317]) (./drawboard.tex [318])
(./drawboard.tex [319]) (./drawboard.tex [320]) (./drawboard.tex [321])
(./drawboard.tex [322]) (./drawboard.tex [323]) (./drawboard.tex [324])
(./drawboard.tex [325]) (./drawboard.tex [326]) (./drawboard.tex [327])
(./drawboard.tex [328]) (./drawboard.tex [329]) (./drawboard.tex [330])
(./drawboard.tex [331]) (./drawboard.tex [332]) (./drawboard.tex [333])
(./drawboard.tex [334]) (./drawboard.tex [335]) (./drawboard.tex [336])
(./drawboard.tex [337]) (./drawboard.tex [338]) (./drawboard.tex [339])
(./drawboard.tex [340]) (./drawboard.tex [341]) (./drawboard.tex [342])
(./drawboard.tex [343]) (./drawboard.tex [344]) (./drawboard.tex [345])
(./drawboard.tex [346]) (./drawboard.tex [347]) (./drawboard.tex [348])
(./drawboard.tex [349]) (./drawboard.tex [350]) (./drawboard.tex [351])
(./drawboard.tex [352]) (./drawboard.tex [353]) (./drawboard.tex [354])
(./drawboard.tex [355]) (./drawboard.tex [356]) (./drawboard.tex [357])
(./drawboard.tex [358]) (./drawboard.tex [359]) (./drawboard.tex [360])
(./drawboard.tex [361]) (./drawboard.tex [362]) (./drawboard.tex [363])
(./drawboard.tex [364]) (./drawboard.tex [365]) (./drawboard.tex [366])
(./drawboard.tex [367]) (./drawboard.tex [368]) (./drawboard.tex [369])
(./drawboard.tex [370]) (./drawboard.tex [371]) (./drawboard.tex [372])
(./drawboard.tex [373]) (./drawboard.tex [374]) (./drawboard.tex [375])
(./drawboard.tex [376]) (./drawboard.tex [377]) (./drawboard.tex [378])
(./drawboard.tex [379]) (./drawboard.tex [380]) (./drawboard.tex [381])
(./drawboard.tex [382]) [383] (./boilerplate.aux) ) 
Here is how much of TeX's memory you used:
 11564 strings out of 493488
 215092 string characters out of 3146892
 283590 words of memory out of 3000000
 13905 multiletter control sequences out of 15000+200000
 3809 words of font info for 15 fonts, out of 3000000 for 9000
 957 hyphenation exceptions out of 8191
 57i,7n,55p,59550b,646s stack positions out of 5000i,500n,10000p,200000b,50000s
</usr/share/texmf-dist/fonts
/type1/public/amsfonts/cm/cmtt12.pfb>
Output written on boilerplate.pdf (383 pages, 558328 bytes).
PDF statistics:
 1246 PDF objects out of 1440 (max. 8388607)
 851 compressed objects within 9 object streams
 0 named destinations out of 1000 (max. 500000)
 13 words of extra memory for PDF output out of 10000 (max. 10000000)

